TN:
SF:src/middleware.ts
FN:8,middleware
FN:38,(anonymous_4)
FN:48,(anonymous_5)
FNF:3
FNH:0
FNDA:0,middleware
FNDA:0,(anonymous_4)
FNDA:0,(anonymous_5)
DA:1,0
DA:2,0
DA:5,0
DA:6,0
DA:8,0
DA:9,0
DA:12,0
DA:13,0
DA:16,0
DA:17,0
DA:21,0
DA:24,0
DA:26,0
DA:27,0
DA:37,0
DA:38,0
DA:39,0
DA:42,0
DA:46,0
DA:47,0
DA:48,0
DA:49,0
DA:52,0
DA:56,0
DA:59,0
DA:60,0
DA:61,0
DA:62,0
DA:63,0
DA:68,0
DA:71,0
LF:31
LH:0
BRDA:12,0,0,0
BRDA:16,1,0,0
BRDA:16,2,0,0
BRDA:16,2,1,0
BRDA:16,2,2,0
BRDA:26,3,0,0
BRF:6
BRH:0
end_of_record
TN:
SF:src/app/page.tsx
FN:15,HomePage
FN:21,(anonymous_2)
FN:34,(anonymous_3)
FN:173,(anonymous_4)
FN:177,(anonymous_5)
FN:261,(anonymous_6)
FN:268,(anonymous_7)
FN:334,(anonymous_8)
FNF:8
FNH:0
FNDA:0,HomePage
FNDA:0,(anonymous_2)
FNDA:0,(anonymous_3)
FNDA:0,(anonymous_4)
FNDA:0,(anonymous_5)
FNDA:0,(anonymous_6)
FNDA:0,(anonymous_7)
FNDA:0,(anonymous_8)
DA:3,0
DA:4,0
DA:5,0
DA:6,0
DA:8,0
DA:9,0
DA:10,0
DA:11,0
DA:13,0
DA:15,0
DA:16,0
DA:17,0
DA:19,0
DA:21,0
DA:22,0
DA:25,0
DA:34,0
DA:35,0
DA:174,0
DA:177,0
DA:262,0
DA:269,0
DA:334,0
LF:23
LH:0
BRDA:166,0,0,0
BRDA:171,1,0,0
BRDA:181,2,0,0
BRDA:183,3,0,0
BRDA:183,3,1,0
BRDA:200,4,0,0
BRDA:200,4,1,0
BRDA:320,5,0,0
BRDA:327,6,0,0
BRDA:327,6,1,0
BRDA:346,7,0,0
BRDA:349,8,0,0
BRDA:349,8,1,0
BRF:13
BRH:0
end_of_record
TN:
SF:src/app/404/page.tsx
FN:5,NotFoundPage
FNF:1
FNH:0
FNDA:0,NotFoundPage
DA:1,0
DA:2,0
DA:3,0
DA:5,0
LF:4
LH:0
BRF:0
BRH:0
end_of_record
TN:
SF:src/app/account/billing/page.tsx
FN:12,BillingPage
FN:64,(anonymous_2)
FN:74,(anonymous_3)
FN:84,(anonymous_4)
FN:94,(anonymous_5)
FN:137,(anonymous_6)
FN:148,(anonymous_7)
FNF:7
FNH:0
FNDA:0,BillingPage
FNDA:0,(anonymous_2)
FNDA:0,(anonymous_3)
FNDA:0,(anonymous_4)
FNDA:0,(anonymous_5)
FNDA:0,(anonymous_6)
FNDA:0,(anonymous_7)
DA:3,0
DA:4,0
DA:5,0
DA:6,0
DA:7,0
DA:8,0
DA:9,0
DA:10,0
DA:12,0
DA:13,0
DA:14,0
DA:16,0
DA:64,0
DA:74,0
DA:84,0
DA:94,0
DA:137,0
DA:148,0
LF:18
LH:0
BRDA:16,0,0,0
BRDA:66,1,0,0
BRDA:66,1,1,0
BRDA:76,2,0,0
BRDA:76,2,1,0
BRDA:86,3,0,0
BRDA:86,3,1,0
BRDA:96,4,0,0
BRDA:96,4,1,0
BRDA:107,5,0,0
BRDA:111,6,0,0
BRDA:115,7,0,0
BRDA:119,8,0,0
BRF:13
BRH:0
end_of_record
TN:
SF:src/app/account/creations/page.tsx
FN:23,MyCreationsPage
FN:29,(anonymous_2)
FN:33,(anonymous_3)
FN:52,(anonymous_4)
FN:82,(anonymous_5)
FN:92,(anonymous_6)
FN:96,(anonymous_7)
FN:126,(anonymous_8)
FN:139,(anonymous_9)
FN:158,(anonymous_10)
FN:188,(anonymous_11)
FN:202,(anonymous_12)
FN:244,(anonymous_13)
FN:273,(anonymous_14)
FN:290,(anonymous_15)
FN:291,(anonymous_16)
FN:330,(anonymous_17)
FN:337,(anonymous_18)
FN:346,(anonymous_19)
FNF:19
FNH:0
FNDA:0,MyCreationsPage
FNDA:0,(anonymous_2)
FNDA:0,(anonymous_3)
FNDA:0,(anonymous_4)
FNDA:0,(anonymous_5)
FNDA:0,(anonymous_6)
FNDA:0,(anonymous_7)
FNDA:0,(anonymous_8)
FNDA:0,(anonymous_9)
FNDA:0,(anonymous_10)
FNDA:0,(anonymous_11)
FNDA:0,(anonymous_12)
FNDA:0,(anonymous_13)
FNDA:0,(anonymous_14)
FNDA:0,(anonymous_15)
FNDA:0,(anonymous_16)
FNDA:0,(anonymous_17)
FNDA:0,(anonymous_18)
FNDA:0,(anonymous_19)
DA:3,0
DA:4,0
DA:5,0
DA:6,0
DA:7,0
DA:8,0
DA:10,0
DA:12,0
DA:23,0
DA:24,0
DA:25,0
DA:26,0
DA:29,0
DA:30,0
DA:33,0
DA:34,0
DA:35,0
DA:38,0
DA:39,0
DA:40,0
DA:42,0
DA:43,0
DA:46,0
DA:48,0
DA:52,0
DA:53,0
DA:54,0
DA:57,0
DA:59,0
DA:60,0
DA:66,0
DA:67,0
DA:70,0
DA:72,0
DA:73,0
DA:74,0
DA:75,0
DA:77,0
DA:82,0
DA:83,0
DA:84,0
DA:85,0
DA:86,0
DA:87,0
DA:88,0
DA:89,0
DA:92,0
DA:93,0
DA:96,0
DA:97,0
DA:100,0
DA:101,0
DA:104,0
DA:115,0
DA:126,0
DA:140,0
DA:158,0
DA:189,0
DA:190,0
DA:203,0
DA:204,0
DA:244,0
DA:273,0
DA:290,0
DA:291,0
DA:330,0
DA:337,0
DA:347,0
DA:348,0
LF:69
LH:0
BRDA:34,0,0,0
BRDA:42,1,0,0
BRDA:46,2,0,0
BRDA:46,2,1,0
BRDA:59,3,0,0
BRDA:59,3,1,0
BRDA:97,4,0,0
BRDA:100,5,0,0
BRDA:100,5,1,0
BRDA:104,6,0,0
BRDA:104,7,0,0
BRDA:104,7,1,0
BRDA:115,8,0,0
BRDA:137,9,0,0
BRDA:147,10,0,0
BRDA:149,11,0,0
BRDA:149,11,1,0
BRDA:168,12,0,0
BRDA:171,13,0,0
BRDA:171,13,1,0
BRDA:172,14,0,0
BRDA:172,14,1,0
BRDA:175,15,0,0
BRDA:175,15,1,0
BRDA:176,16,0,0
BRDA:176,16,1,0
BRDA:185,17,0,0
BRDA:211,18,0,0
BRDA:225,19,0,0
BRDA:225,19,1,0
BRDA:230,20,0,0
BRDA:241,21,0,0
BRDA:248,22,0,0
BRDA:248,22,1,0
BRDA:254,23,0,0
BRDA:261,24,0,0
BRDA:261,24,1,0
BRDA:266,25,0,0
BRDA:285,26,0,0
BRDA:284,27,0,0
BRDA:284,27,1,0
BRDA:288,28,0,0
BRDA:288,28,1,0
BRDA:291,29,0,0
BRDA:291,29,1,0
BRDA:296,30,0,0
BRDA:301,31,0,0
BRDA:308,32,0,0
BRDA:327,33,0,0
BRDA:327,33,1,0
BRDA:330,34,0,0
BRDA:330,34,1,0
BRDA:355,35,0,0
BRF:53
BRH:0
end_of_record
TN:
SF:src/app/account/privacy/page.tsx
FN:10,PrivacySettingsPage
FN:21,(anonymous_2)
FN:59,(anonymous_3)
FN:76,(anonymous_4)
FN:91,(anonymous_5)
FN:175,(anonymous_6)
FN:188,(anonymous_7)
FN:200,(anonymous_8)
FN:211,(anonymous_9)
FNF:9
FNH:0
FNDA:0,PrivacySettingsPage
FNDA:0,(anonymous_2)
FNDA:0,(anonymous_3)
FNDA:0,(anonymous_4)
FNDA:0,(anonymous_5)
FNDA:0,(anonymous_6)
FNDA:0,(anonymous_7)
FNDA:0,(anonymous_8)
FNDA:0,(anonymous_9)
DA:3,0
DA:4,0
DA:5,0
DA:6,0
DA:7,0
DA:8,0
DA:10,0
DA:11,0
DA:12,0
DA:13,0
DA:14,0
DA:15,0
DA:16,0
DA:17,0
DA:19,0
DA:21,0
DA:22,0
DA:23,0
DA:24,0
DA:31,0
DA:32,0
DA:35,0
DA:38,0
DA:39,0
DA:40,0
DA:41,0
DA:42,0
DA:43,0
DA:44,0
DA:45,0
DA:47,0
DA:49,0
DA:52,0
DA:53,0
DA:55,0
DA:59,0
DA:60,0
DA:61,0
DA:62,0
DA:73,0
DA:74,0
DA:76,0
DA:77,0
DA:80,0
DA:83,0
DA:84,0
DA:86,0
DA:87,0
DA:91,0
DA:92,0
DA:93,0
DA:94,0
DA:97,0
DA:175,0
DA:188,0
DA:200,0
DA:211,0
LF:57
LH:0
BRDA:31,0,0,0
BRDA:31,0,1,0
BRDA:73,1,0,0
BRDA:73,1,1,0
BRDA:97,2,0,0
BRDA:129,3,0,0
BRDA:129,3,1,0
BRDA:131,4,0,0
BRDA:131,4,1,0
BRDA:132,5,0,0
BRDA:132,5,1,0
BRDA:161,6,0,0
BRDA:161,6,1,0
BRDA:173,7,0,0
BRDA:221,8,0,0
BRDA:221,8,1,0
BRF:16
BRH:0
end_of_record
TN:
SF:src/app/account/profile/page.tsx
FN:11,ProfilePage
FN:42,(anonymous_2)
FN:44,(anonymous_3)
FN:51,(anonymous_4)
FN:59,(anonymous_5)
FN:70,(anonymous_6)
FN:74,(anonymous_7)
FN:102,(anonymous_8)
FN:108,(anonymous_9)
FN:118,(anonymous_10)
FN:122,(anonymous_11)
FN:140,(anonymous_12)
FN:141,(anonymous_13)
FN:144,(anonymous_14)
FN:187,(anonymous_15)
FN:246,(anonymous_16)
FN:254,(anonymous_17)
FN:254,(anonymous_18)
FN:273,(anonymous_19)
FN:282,(anonymous_20)
FN:282,(anonymous_21)
FN:304,(anonymous_22)
FN:313,(anonymous_23)
FN:313,(anonymous_24)
FN:354,(anonymous_25)
FN:354,(anonymous_26)
FN:372,(anonymous_27)
FN:372,(anonymous_28)
FNF:28
FNH:0
FNDA:0,ProfilePage
FNDA:0,(anonymous_2)
FNDA:0,(anonymous_3)
FNDA:0,(anonymous_4)
FNDA:0,(anonymous_5)
FNDA:0,(anonymous_6)
FNDA:0,(anonymous_7)
FNDA:0,(anonymous_8)
FNDA:0,(anonymous_9)
FNDA:0,(anonymous_10)
FNDA:0,(anonymous_11)
FNDA:0,(anonymous_12)
FNDA:0,(anonymous_13)
FNDA:0,(anonymous_14)
FNDA:0,(anonymous_15)
FNDA:0,(anonymous_16)
FNDA:0,(anonymous_17)
FNDA:0,(anonymous_18)
FNDA:0,(anonymous_19)
FNDA:0,(anonymous_20)
FNDA:0,(anonymous_21)
FNDA:0,(anonymous_22)
FNDA:0,(anonymous_23)
FNDA:0,(anonymous_24)
FNDA:0,(anonymous_25)
FNDA:0,(anonymous_26)
FNDA:0,(anonymous_27)
FNDA:0,(anonymous_28)
DA:3,0
DA:4,0
DA:5,0
DA:6,0
DA:7,0
DA:9,0
DA:11,0
DA:12,0
DA:13,0
DA:15,0
DA:22,0
DA:28,0
DA:33,0
DA:34,0
DA:36,0
DA:42,0
DA:43,0
DA:44,0
DA:51,0
DA:52,0
DA:54,0
DA:55,0
DA:56,0
DA:59,0
DA:60,0
DA:61,0
DA:63,0
DA:64,0
DA:65,0
DA:66,0
DA:68,0
DA:70,0
DA:74,0
DA:75,0
DA:78,0
DA:80,0
DA:81,0
DA:84,0
DA:85,0
DA:87,0
DA:88,0
DA:89,0
DA:93,0
DA:94,0
DA:97,0
DA:98,0
DA:99,0
DA:102,0
DA:103,0
DA:104,0
DA:106,0
DA:107,0
DA:108,0
DA:114,0
DA:116,0
DA:118,0
DA:122,0
DA:123,0
DA:127,0
DA:128,0
DA:132,0
DA:134,0
DA:135,0
DA:140,0
DA:141,0
DA:143,0
DA:144,0
DA:148,0
DA:187,0
DA:246,0
DA:254,0
DA:273,0
DA:282,0
DA:304,0
DA:313,0
DA:354,0
DA:372,0
LF:77
LH:0
BRDA:43,0,0,0
BRDA:46,1,0,0
BRDA:46,1,1,0
BRDA:54,2,0,0
BRDA:80,3,0,0
BRDA:84,4,0,0
BRDA:84,4,1,0
BRDA:88,5,0,0
BRDA:93,6,0,0
BRDA:97,7,0,0
BRDA:127,8,0,0
BRDA:132,9,0,0
BRDA:143,10,0,0
BRDA:148,11,0,0
BRDA:167,12,0,0
BRDA:173,13,0,0
BRDA:199,14,0,0
BRDA:199,14,1,0
BRDA:214,15,0,0
BRDA:214,15,1,0
BRDA:225,16,0,0
BRDA:231,17,0,0
BRDA:244,18,0,0
BRDA:244,18,1,0
BRDA:248,19,0,0
BRDA:248,19,1,0
BRDA:257,20,0,0
BRDA:257,20,1,0
BRDA:260,21,0,0
BRDA:271,22,0,0
BRDA:271,22,1,0
BRDA:275,23,0,0
BRDA:275,23,1,0
BRDA:285,24,0,0
BRDA:285,24,1,0
BRDA:288,25,0,0
BRDA:302,26,0,0
BRDA:302,26,1,0
BRDA:306,27,0,0
BRDA:306,27,1,0
BRDA:316,28,0,0
BRDA:316,28,1,0
BRDA:319,29,0,0
BRDA:330,30,0,0
BRDA:330,30,1,0
BRF:45
BRH:0
end_of_record
TN:
SF:src/app/account/referrals/page.tsx
FN:13,ReferralsPage
FN:21,(anonymous_2)
FN:28,(anonymous_3)
FN:32,(anonymous_4)
FN:38,(anonymous_5)
FN:65,(anonymous_6)
FN:85,(anonymous_7)
FN:240,(anonymous_8)
FN:258,(anonymous_9)
FN:276,(anonymous_10)
FN:294,(anonymous_11)
FN:336,(anonymous_12)
FN:340,(anonymous_13)
FN:367,(anonymous_14)
FN:382,(anonymous_15)
FN:411,(anonymous_16)
FNF:16
FNH:0
FNDA:0,ReferralsPage
FNDA:0,(anonymous_2)
FNDA:0,(anonymous_3)
FNDA:0,(anonymous_4)
FNDA:0,(anonymous_5)
FNDA:0,(anonymous_6)
FNDA:0,(anonymous_7)
FNDA:0,(anonymous_8)
FNDA:0,(anonymous_9)
FNDA:0,(anonymous_10)
FNDA:0,(anonymous_11)
FNDA:0,(anonymous_12)
FNDA:0,(anonymous_13)
FNDA:0,(anonymous_14)
FNDA:0,(anonymous_15)
FNDA:0,(anonymous_16)
DA:3,0
DA:4,0
DA:5,0
DA:6,0
DA:7,0
DA:8,0
DA:9,0
DA:10,0
DA:13,0
DA:14,0
DA:15,0
DA:16,0
DA:17,0
DA:18,0
DA:21,0
DA:22,0
DA:23,0
DA:26,0
DA:28,0
DA:29,0
DA:30,0
DA:31,0
DA:32,0
DA:34,0
DA:38,0
DA:39,0
DA:42,0
DA:44,0
DA:45,0
DA:47,0
DA:48,0
DA:50,0
DA:51,0
DA:53,0
DA:54,0
DA:56,0
DA:57,0
DA:60,0
DA:61,0
DA:65,0
DA:66,0
DA:68,0
DA:69,0
DA:76,0
DA:79,0
DA:81,0
DA:85,0
DA:86,0
DA:89,0
DA:90,0
DA:93,0
DA:104,0
DA:240,0
DA:258,0
DA:276,0
DA:294,0
DA:337,0
DA:340,0
DA:367,0
DA:383,0
DA:384,0
DA:412,0
DA:413,0
DA:414,0
DA:416,0
LF:65
LH:0
BRDA:26,0,0,0
BRDA:26,0,1,0
BRDA:45,1,0,0
BRDA:45,1,1,0
BRDA:45,1,2,0
BRDA:45,1,3,0
BRDA:60,2,0,0
BRDA:72,3,0,0
BRDA:72,3,1,0
BRDA:86,4,0,0
BRDA:89,5,0,0
BRDA:89,5,1,0
BRDA:93,6,0,0
BRDA:93,7,0,0
BRDA:93,7,1,0
BRDA:104,8,0,0
BRDA:104,9,0,0
BRDA:104,9,1,0
BRDA:193,10,0,0
BRDA:193,10,1,0
BRDA:199,11,0,0
BRDA:199,11,1,0
BRDA:205,12,0,0
BRDA:205,12,1,0
BRDA:230,13,0,0
BRDA:230,13,1,0
BRDA:342,14,0,0
BRDA:342,14,1,0
BRDA:378,15,0,0
BRDA:410,16,0,0
BRDA:409,17,0,0
BRDA:409,17,1,0
BRDA:413,18,0,0
BRDA:413,18,1,0
BRDA:439,19,0,0
BRDA:439,19,1,0
BRDA:444,20,0,0
BRDA:444,20,1,0
BRF:38
BRH:0
end_of_record
TN:
SF:src/app/admin/moderation/page.tsx
FN:11,AdminModerationPage
FN:23,(anonymous_2)
FN:28,(anonymous_3)
FN:43,(anonymous_4)
FN:64,(anonymous_5)
FN:69,(anonymous_6)
FN:81,(anonymous_7)
FN:114,(anonymous_8)
FN:117,(anonymous_9)
FN:143,(anonymous_10)
FN:195,(anonymous_11)
FN:205,(anonymous_12)
FN:212,(anonymous_13)
FN:229,(anonymous_14)
FN:244,(anonymous_15)
FN:273,(anonymous_16)
FN:336,(anonymous_17)
FNF:17
FNH:0
FNDA:0,AdminModerationPage
FNDA:0,(anonymous_2)
FNDA:0,(anonymous_3)
FNDA:0,(anonymous_4)
FNDA:0,(anonymous_5)
FNDA:0,(anonymous_6)
FNDA:0,(anonymous_7)
FNDA:0,(anonymous_8)
FNDA:0,(anonymous_9)
FNDA:0,(anonymous_10)
FNDA:0,(anonymous_11)
FNDA:0,(anonymous_12)
FNDA:0,(anonymous_13)
FNDA:0,(anonymous_14)
FNDA:0,(anonymous_15)
FNDA:0,(anonymous_16)
FNDA:0,(anonymous_17)
DA:3,0
DA:4,0
DA:5,0
DA:6,0
DA:7,0
DA:8,0
DA:11,0
DA:12,0
DA:13,0
DA:14,0
DA:15,0
DA:16,0
DA:17,0
DA:18,0
DA:21,0
DA:23,0
DA:24,0
DA:25,0
DA:28,0
DA:29,0
DA:30,0
DA:31,0
DA:35,0
DA:37,0
DA:39,0
DA:43,0
DA:48,0
DA:49,0
DA:51,0
DA:53,0
DA:54,0
DA:55,0
DA:58,0
DA:60,0
DA:64,0
DA:65,0
DA:66,0
DA:69,0
DA:70,0
DA:71,0
DA:73,0
DA:75,0
DA:77,0
DA:81,0
DA:82,0
DA:84,0
DA:86,0
DA:88,0
DA:92,0
DA:115,0
DA:117,0
DA:144,0
DA:195,0
DA:205,0
DA:213,0
DA:214,0
DA:215,0
DA:230,0
DA:231,0
DA:232,0
DA:245,0
DA:246,0
DA:247,0
DA:273,0
DA:337,0
LF:65
LH:0
BRDA:24,0,0,0
BRDA:46,1,0,0
BRDA:53,2,0,0
BRDA:71,3,0,0
BRDA:71,3,1,0
BRDA:71,3,2,0
BRDA:82,4,0,0
BRDA:82,4,1,0
BRDA:82,4,2,0
BRDA:92,5,0,0
BRDA:119,6,0,0
BRDA:119,6,1,0
BRDA:133,7,0,0
BRDA:138,8,0,0
BRDA:148,9,0,0
BRDA:150,10,0,0
BRDA:150,10,1,0
BRDA:169,11,0,0
BRDA:181,12,0,0
BRDA:181,12,1,0
BRDA:185,13,0,0
BRDA:185,13,1,0
BRDA:185,13,2,0
BRDA:187,14,0,0
BRDA:202,15,0,0
BRDA:202,15,1,0
BRDA:214,16,0,0
BRDA:227,17,0,0
BRDA:227,17,1,0
BRDA:230,18,0,0
BRDA:230,18,1,0
BRDA:231,19,0,0
BRDA:242,20,0,0
BRDA:246,21,0,0
BRDA:265,22,0,0
BRDA:265,22,1,0
BRDA:286,23,0,0
BRDA:303,24,0,0
BRDA:303,24,1,0
BRDA:309,25,0,0
BRDA:309,25,1,0
BRDA:309,25,2,0
BRDA:325,26,0,0
BRDA:332,27,0,0
BRDA:332,27,1,0
BRF:45
BRH:0
end_of_record
TN:
SF:src/app/admin/social-tasks/page.tsx
FN:26,AdminSocialTasksPage
FN:36,(anonymous_2)
FN:41,(anonymous_3)
FN:56,(anonymous_4)
FN:91,(anonymous_5)
FN:106,(anonymous_6)
FN:144,(anonymous_7)
FN:145,(anonymous_8)
FN:146,(anonymous_9)
FN:148,(anonymous_10)
FN:151,(anonymous_11)
FN:178,(anonymous_12)
FN:251,(anonymous_13)
FN:258,(anonymous_14)
FNF:14
FNH:0
FNDA:0,AdminSocialTasksPage
FNDA:0,(anonymous_2)
FNDA:0,(anonymous_3)
FNDA:0,(anonymous_4)
FNDA:0,(anonymous_5)
FNDA:0,(anonymous_6)
FNDA:0,(anonymous_7)
FNDA:0,(anonymous_8)
FNDA:0,(anonymous_9)
FNDA:0,(anonymous_10)
FNDA:0,(anonymous_11)
FNDA:0,(anonymous_12)
FNDA:0,(anonymous_13)
FNDA:0,(anonymous_14)
DA:3,0
DA:4,0
DA:5,0
DA:6,0
DA:7,0
DA:8,0
DA:26,0
DA:27,0
DA:28,0
DA:29,0
DA:30,0
DA:31,0
DA:34,0
DA:36,0
DA:37,0
DA:38,0
DA:41,0
DA:42,0
DA:43,0
DA:44,0
DA:45,0
DA:46,0
DA:47,0
DA:50,0
DA:52,0
DA:56,0
DA:61,0
DA:62,0
DA:64,0
DA:76,0
DA:78,0
DA:80,0
DA:81,0
DA:84,0
DA:85,0
DA:87,0
DA:91,0
DA:92,0
DA:94,0
DA:96,0
DA:98,0
DA:100,0
DA:102,0
DA:106,0
DA:107,0
DA:108,0
DA:110,0
DA:112,0
DA:114,0
DA:116,0
DA:120,0
DA:144,0
DA:145,0
DA:146,0
DA:149,0
DA:151,0
DA:179,0
DA:251,0
DA:259,0
DA:260,0
LF:60
LH:0
BRDA:37,0,0,0
BRDA:45,1,0,0
BRDA:72,2,0,0
BRDA:72,2,1,0
BRDA:76,3,0,0
BRDA:76,3,1,0
BRDA:92,4,0,0
BRDA:92,4,1,0
BRDA:92,4,2,0
BRDA:92,4,3,0
BRDA:92,4,4,0
BRDA:108,5,0,0
BRDA:108,5,1,0
BRDA:108,5,2,0
BRDA:108,5,3,0
BRDA:120,6,0,0
BRDA:153,7,0,0
BRDA:153,7,1,0
BRDA:167,8,0,0
BRDA:172,9,0,0
BRDA:198,10,0,0
BRDA:208,11,0,0
BRDA:222,12,0,0
BRDA:231,13,0,0
BRDA:238,14,0,0
BRDA:238,14,1,0
BRDA:248,15,0,0
BRDA:255,16,0,0
BRDA:255,16,1,0
BRDA:260,17,0,0
BRDA:260,17,1,0
BRF:31
BRH:0
end_of_record
TN:
SF:src/app/admin/users/page.tsx
FN:10,AdminUsersPage
FN:22,(anonymous_2)
FN:27,(anonymous_3)
FN:44,(anonymous_4)
FN:89,(anonymous_5)
FN:120,(anonymous_6)
FN:135,(anonymous_7)
FN:165,(anonymous_8)
FN:174,(anonymous_9)
FN:218,(anonymous_10)
FNF:10
FNH:0
FNDA:0,AdminUsersPage
FNDA:0,(anonymous_2)
FNDA:0,(anonymous_3)
FNDA:0,(anonymous_4)
FNDA:0,(anonymous_5)
FNDA:0,(anonymous_6)
FNDA:0,(anonymous_7)
FNDA:0,(anonymous_8)
FNDA:0,(anonymous_9)
FNDA:0,(anonymous_10)
DA:3,0
DA:4,0
DA:5,0
DA:6,0
DA:7,0
DA:8,0
DA:10,0
DA:11,0
DA:12,0
DA:13,0
DA:14,0
DA:15,0
DA:16,0
DA:17,0
DA:20,0
DA:22,0
DA:23,0
DA:24,0
DA:27,0
DA:28,0
DA:29,0
DA:30,0
DA:36,0
DA:38,0
DA:40,0
DA:44,0
DA:48,0
DA:49,0
DA:52,0
DA:54,0
DA:55,0
DA:56,0
DA:57,0
DA:58,0
DA:61,0
DA:62,0
DA:63,0
DA:64,0
DA:65,0
DA:68,0
DA:69,0
DA:70,0
DA:71,0
DA:74,0
DA:75,0
DA:78,0
DA:79,0
DA:80,0
DA:83,0
DA:85,0
DA:89,0
DA:90,0
DA:91,0
DA:92,0
DA:93,0
DA:95,0
DA:96,0
DA:100,0
DA:120,0
DA:136,0
DA:165,0
DA:175,0
DA:176,0
DA:177,0
DA:218,0
LF:65
LH:0
BRDA:23,0,0,0
BRDA:32,1,0,0
BRDA:32,1,1,0
BRDA:52,2,0,0
BRDA:52,2,1,0
BRDA:52,2,2,0
BRDA:52,2,3,0
BRDA:55,3,0,0
BRDA:55,4,0,0
BRDA:55,4,1,0
BRDA:57,5,0,0
BRDA:57,5,1,0
BRDA:62,6,0,0
BRDA:62,7,0,0
BRDA:62,7,1,0
BRDA:64,8,0,0
BRDA:64,8,1,0
BRDA:69,9,0,0
BRDA:78,10,0,0
BRDA:100,11,0,0
BRDA:128,12,0,0
BRDA:140,13,0,0
BRDA:140,13,1,0
BRDA:140,13,2,0
BRDA:144,14,0,0
BRDA:144,14,1,0
BRDA:154,15,0,0
BRDA:175,16,0,0
BRDA:187,17,0,0
BRDA:199,18,0,0
BRDA:202,19,0,0
BRDA:202,19,1,0
BRDA:210,20,0,0
BRDA:210,20,1,0
BRDA:232,21,0,0
BRDA:232,21,1,0
BRDA:248,22,0,0
BRDA:252,23,0,0
BRDA:252,23,1,0
BRDA:261,24,0,0
BRF:40
BRH:0
end_of_record
TN:
SF:src/app/api/admin/analytics/route.ts
FN:6,GET
FN:71,(anonymous_2)
FN:72,(anonymous_3)
FN:83,(anonymous_4)
FN:84,(anonymous_5)
FN:87,(anonymous_6)
FN:88,(anonymous_7)
FN:98,(anonymous_8)
FN:110,(anonymous_9)
FNF:9
FNH:0
FNDA:0,GET
FNDA:0,(anonymous_2)
FNDA:0,(anonymous_3)
FNDA:0,(anonymous_4)
FNDA:0,(anonymous_5)
FNDA:0,(anonymous_6)
FNDA:0,(anonymous_7)
FNDA:0,(anonymous_8)
FNDA:0,(anonymous_9)
DA:1,0
DA:2,0
DA:3,0
DA:4,0
DA:6,0
DA:7,0
DA:9,0
DA:10,0
DA:11,0
DA:18,0
DA:19,0
DA:21,0
DA:22,0
DA:28,0
DA:29,0
DA:32,0
DA:33,0
DA:34,0
DA:35,0
DA:36,0
DA:40,0
DA:41,0
DA:44,0
DA:45,0
DA:46,0
DA:51,0
DA:52,0
DA:55,0
DA:56,0
DA:59,0
DA:60,0
DA:61,0
DA:66,0
DA:67,0
DA:70,0
DA:71,0
DA:72,0
DA:75,0
DA:76,0
DA:77,0
DA:82,0
DA:83,0
DA:84,0
DA:87,0
DA:88,0
DA:91,0
DA:97,0
DA:98,0
DA:104,0
DA:109,0
DA:110,0
DA:117,0
DA:118,0
DA:119,0
DA:121,0
DA:143,0
DA:144,0
LF:57
LH:0
BRDA:10,0,0,0
BRDA:21,1,0,0
BRDA:21,2,0,0
BRDA:21,2,1,0
BRDA:29,3,0,0
BRDA:29,3,1,0
BRDA:33,4,0,0
BRDA:45,5,0,0
BRDA:60,6,0,0
BRDA:72,7,0,0
BRDA:72,7,1,0
BRDA:76,8,0,0
BRDA:84,9,0,0
BRDA:84,9,1,0
BRDA:117,10,0,0
BRDA:117,10,1,0
BRDA:118,11,0,0
BRDA:118,11,1,0
BRDA:119,12,0,0
BRDA:119,12,1,0
BRF:20
BRH:0
end_of_record
TN:
SF:src/app/api/admin/moderation/route.ts
FN:6,GET
FN:54,(anonymous_2)
FNF:2
FNH:0
FNDA:0,GET
FNDA:0,(anonymous_2)
DA:1,0
DA:2,0
DA:3,0
DA:4,0
DA:6,0
DA:7,0
DA:9,0
DA:10,0
DA:11,0
DA:18,0
DA:19,0
DA:21,0
DA:22,0
DA:28,0
DA:29,0
DA:30,0
DA:33,0
DA:41,0
DA:42,0
DA:43,0
DA:52,0
DA:53,0
DA:55,0
DA:58,0
DA:59,0
DA:61,0
DA:73,0
DA:79,0
DA:80,0
LF:29
LH:0
BRDA:10,0,0,0
BRDA:21,1,0,0
BRDA:21,2,0,0
BRDA:21,2,1,0
BRDA:29,3,0,0
BRDA:29,3,1,0
BRDA:30,4,0,0
BRDA:30,4,1,0
BRDA:41,5,0,0
BRDA:42,6,0,0
BRDA:42,6,1,0
BRDA:59,7,0,0
BRDA:59,7,1,0
BRDA:64,8,0,0
BRDA:64,8,1,0
BRF:15
BRH:0
end_of_record
TN:
SF:src/app/api/admin/moderation/[id]/route.ts
FN:6,PATCH
FNF:1
FNH:0
FNDA:0,PATCH
DA:1,0
DA:2,0
DA:3,0
DA:4,0
DA:6,0
DA:10,0
DA:12,0
DA:13,0
DA:14,0
DA:21,0
DA:22,0
DA:24,0
DA:25,0
DA:31,0
DA:32,0
DA:35,0
DA:36,0
DA:43,0
DA:44,0
DA:46,0
DA:47,0
DA:53,0
DA:55,0
DA:57,0
DA:65,0
DA:71,0
DA:80,0
DA:87,0
DA:88,0
DA:94,0
DA:104,0
DA:110,0
DA:119,0
DA:125,0
DA:132,0
DA:133,0
LF:36
LH:0
BRDA:13,0,0,0
BRDA:24,1,0,0
BRDA:24,2,0,0
BRDA:24,2,1,0
BRDA:35,3,0,0
BRDA:46,4,0,0
BRDA:55,5,0,0
BRDA:55,5,1,0
BRDA:55,5,2,0
BRDA:55,5,3,0
BRDA:55,5,4,0
BRDA:61,6,0,0
BRDA:61,6,1,0
BRDA:75,7,0,0
BRDA:75,7,1,0
BRDA:87,8,0,0
BRDA:99,9,0,0
BRDA:99,9,1,0
BRDA:99,9,2,0
BRDA:100,10,0,0
BRDA:100,10,1,0
BRDA:100,10,2,0
BRDA:115,11,0,0
BRDA:115,11,1,0
BRF:24
BRH:0
end_of_record
TN:
SF:src/app/api/admin/social-tasks/route.ts
FN:6,GET
FN:48,(anonymous_2)
FNF:2
FNH:0
FNDA:0,GET
FNDA:0,(anonymous_2)
DA:1,0
DA:2,0
DA:3,0
DA:4,0
DA:6,0
DA:7,0
DA:9,0
DA:10,0
DA:11,0
DA:18,0
DA:19,0
DA:21,0
DA:22,0
DA:28,0
DA:29,0
DA:30,0
DA:33,0
DA:39,0
DA:40,0
DA:47,0
DA:48,0
DA:53,0
DA:59,0
DA:60,0
LF:24
LH:0
BRDA:10,0,0,0
BRDA:21,1,0,0
BRDA:21,2,0,0
BRDA:21,2,1,0
BRDA:29,3,0,0
BRDA:29,3,1,0
BRDA:30,4,0,0
BRDA:30,4,1,0
BRDA:39,5,0,0
BRF:9
BRH:0
end_of_record
TN:
SF:src/app/api/admin/social-tasks/[id]/route.ts
FN:6,PATCH
FNF:1
FNH:0
FNDA:0,PATCH
DA:1,0
DA:2,0
DA:3,0
DA:4,0
DA:6,0
DA:10,0
DA:12,0
DA:13,0
DA:14,0
DA:21,0
DA:22,0
DA:24,0
DA:25,0
DA:31,0
DA:32,0
DA:35,0
DA:36,0
DA:43,0
DA:44,0
DA:46,0
DA:47,0
DA:53,0
DA:56,0
DA:57,0
DA:64,0
DA:73,0
DA:76,0
DA:77,0
DA:79,0
DA:80,0
DA:82,0
DA:83,0
DA:89,0
DA:100,0
DA:105,0
DA:112,0
DA:113,0
LF:37
LH:0
BRDA:13,0,0,0
BRDA:24,1,0,0
BRDA:24,2,0,0
BRDA:24,2,1,0
BRDA:35,3,0,0
BRDA:46,4,0,0
BRDA:56,5,0,0
BRDA:65,6,0,0
BRDA:65,6,1,0
BRDA:66,7,0,0
BRDA:66,7,1,0
BRDA:68,8,0,0
BRDA:68,8,1,0
BRDA:69,9,0,0
BRDA:69,9,1,0
BRDA:69,10,0,0
BRDA:69,10,1,0
BRDA:76,11,0,0
BRDA:76,12,0,0
BRDA:76,12,1,0
BRDA:82,13,0,0
BRDA:84,14,0,0
BRDA:84,14,1,0
BRDA:108,15,0,0
BRDA:108,15,1,0
BRF:25
BRH:0
end_of_record
TN:
SF:src/app/api/admin/users/route.ts
FN:6,GET
FN:69,(anonymous_2)
FNF:2
FNH:0
FNDA:0,GET
FNDA:0,(anonymous_2)
DA:1,0
DA:2,0
DA:3,0
DA:4,0
DA:6,0
DA:7,0
DA:9,0
DA:10,0
DA:11,0
DA:18,0
DA:19,0
DA:21,0
DA:22,0
DA:28,0
DA:29,0
DA:30,0
DA:31,0
DA:32,0
DA:33,0
DA:36,0
DA:43,0
DA:46,0
DA:56,0
DA:57,0
DA:58,0
DA:59,0
DA:68,0
DA:69,0
DA:77,0
DA:78,0
DA:80,0
DA:88,0
DA:89,0
LF:33
LH:0
BRDA:10,0,0,0
BRDA:21,1,0,0
BRDA:21,2,0,0
BRDA:21,2,1,0
BRDA:29,3,0,0
BRDA:29,3,1,0
BRDA:30,4,0,0
BRDA:30,4,1,0
BRDA:31,5,0,0
BRDA:31,5,1,0
BRDA:32,6,0,0
BRDA:32,6,1,0
BRDA:43,7,0,0
BRDA:56,8,0,0
BRDA:56,9,0,0
BRDA:56,9,1,0
BRDA:58,10,0,0
BRDA:84,11,0,0
BRDA:84,11,1,0
BRF:19
BRH:0
end_of_record
TN:
SF:src/app/api/admin/users/[id]/route.ts
FN:6,GET
FN:54,(anonymous_4)
FN:65,(anonymous_5)
FN:76,(anonymous_6)
FN:87,(anonymous_7)
FN:103,PATCH
FNF:6
FNH:0
FNDA:0,GET
FNDA:0,(anonymous_4)
FNDA:0,(anonymous_5)
FNDA:0,(anonymous_6)
FNDA:0,(anonymous_7)
FNDA:0,PATCH
DA:1,0
DA:2,0
DA:3,0
DA:4,0
DA:6,0
DA:10,0
DA:12,0
DA:13,0
DA:14,0
DA:21,0
DA:22,0
DA:24,0
DA:25,0
DA:31,0
DA:34,0
DA:35,0
DA:36,0
DA:42,0
DA:49,0
DA:53,0
DA:54,0
DA:60,0
DA:64,0
DA:65,0
DA:71,0
DA:75,0
DA:76,0
DA:81,0
DA:87,0
DA:95,0
DA:96,0
DA:103,0
DA:107,0
DA:109,0
DA:110,0
DA:111,0
DA:118,0
DA:119,0
DA:121,0
DA:122,0
DA:128,0
DA:129,0
DA:132,0
DA:133,0
DA:139,0
DA:140,0
DA:142,0
DA:143,0
DA:149,0
DA:151,0
DA:153,0
DA:154,0
DA:161,0
DA:167,0
DA:176,0
DA:183,0
DA:184,0
DA:190,0
DA:191,0
DA:194,0
DA:200,0
DA:209,0
DA:216,0
DA:224,0
DA:230,0
DA:238,0
DA:244,0
DA:251,0
DA:252,0
LF:69
LH:0
BRDA:13,0,0,0
BRDA:24,1,0,0
BRDA:24,2,0,0
BRDA:24,2,1,0
BRDA:35,3,0,0
BRDA:87,4,0,0
BRDA:87,4,1,0
BRDA:110,5,0,0
BRDA:121,6,0,0
BRDA:121,7,0,0
BRDA:121,7,1,0
BRDA:132,8,0,0
BRDA:142,9,0,0
BRDA:151,10,0,0
BRDA:151,10,1,0
BRDA:151,10,2,0
BRDA:151,10,3,0
BRDA:151,10,4,0
BRDA:153,11,0,0
BRDA:153,12,0,0
BRDA:153,12,1,0
BRDA:162,13,0,0
BRDA:162,13,1,0
BRDA:171,14,0,0
BRDA:171,14,1,0
BRDA:179,15,0,0
BRDA:179,15,1,0
BRDA:183,16,0,0
BRDA:183,17,0,0
BRDA:183,17,1,0
BRDA:190,18,0,0
BRDA:190,18,1,0
BRDA:191,19,0,0
BRDA:191,19,1,0
BRDA:204,20,0,0
BRDA:204,20,1,0
BRDA:220,21,0,0
BRDA:220,21,1,0
BRF:38
BRH:0
end_of_record
TN:
SF:src/app/api/cron/analytics/route.ts
FN:5,POST
FN:66,(anonymous_2)
FN:88,(anonymous_3)
FN:109,(anonymous_4)
FNF:4
FNH:0
FNDA:0,POST
FNDA:0,(anonymous_2)
FNDA:0,(anonymous_3)
FNDA:0,(anonymous_4)
DA:1,0
DA:2,0
DA:3,0
DA:5,0
DA:6,0
DA:8,0
DA:9,0
DA:11,0
DA:12,0
DA:15,0
DA:16,0
DA:17,0
DA:18,0
DA:21,0
DA:46,0
DA:52,0
DA:55,0
DA:61,0
DA:63,0
DA:64,0
DA:66,0
DA:67,0
DA:68,0
DA:69,0
DA:70,0
DA:71,0
DA:75,0
DA:76,0
DA:77,0
DA:82,0
DA:88,0
DA:89,0
DA:90,0
DA:92,0
DA:93,0
DA:94,0
DA:95,0
DA:96,0
DA:97,0
DA:102,0
DA:109,0
DA:110,0
DA:111,0
DA:112,0
DA:116,0
DA:125,0
DA:127,0
DA:133,0
DA:134,0
LF:49
LH:0
BRDA:11,0,0,0
BRDA:68,1,0,0
BRDA:68,1,1,0
BRDA:70,2,0,0
BRDA:77,3,0,0
BRDA:77,3,1,0
BRDA:90,4,0,0
BRDA:90,4,1,0
BRDA:92,5,0,0
BRDA:92,5,1,0
BRDA:94,6,0,0
BRDA:94,6,1,0
BRDA:96,7,0,0
BRDA:110,8,0,0
BRDA:110,8,1,0
BRF:15
BRH:0
end_of_record
TN:
SF:src/app/api/cron/cleanup/route.ts
FN:5,POST
FN:35,(anonymous_2)
FN:50,(anonymous_3)
FNF:3
FNH:0
FNDA:0,POST
FNDA:0,(anonymous_2)
FNDA:0,(anonymous_3)
DA:1,0
DA:2,0
DA:3,0
DA:5,0
DA:6,0
DA:8,0
DA:9,0
DA:11,0
DA:12,0
DA:15,0
DA:25,0
DA:27,0
DA:33,0
DA:35,0
DA:36,0
DA:39,0
DA:42,0
DA:44,0
DA:50,0
DA:51,0
DA:54,0
DA:57,0
DA:59,0
DA:61,0
DA:67,0
DA:68,0
LF:26
LH:0
BRDA:11,0,0,0
BRF:1
BRH:0
end_of_record
TN:
SF:src/app/api/gallery/route.ts
FN:5,GET
FN:53,(anonymous_2)
FNF:2
FNH:0
FNDA:0,GET
FNDA:0,(anonymous_2)
DA:1,0
DA:2,0
DA:3,0
DA:5,0
DA:6,0
DA:7,0
DA:8,0
DA:9,0
DA:10,0
DA:11,0
DA:14,0
DA:21,0
DA:22,0
DA:26,0
DA:28,0
DA:29,0
DA:31,0
DA:32,0
DA:37,0
DA:38,0
DA:42,0
DA:45,0
DA:46,0
DA:47,0
DA:48,0
DA:52,0
DA:53,0
DA:54,0
DA:55,0
DA:72,0
DA:79,0
DA:80,0
LF:32
LH:0
BRDA:8,0,0,0
BRDA:8,0,1,0
BRDA:11,1,0,0
BRDA:11,1,1,0
BRDA:21,2,0,0
BRDA:21,3,0,0
BRDA:21,3,1,0
BRDA:26,4,0,0
BRDA:26,4,1,0
BRDA:26,4,2,0
BRDA:26,4,3,0
BRDA:45,5,0,0
BRDA:47,6,0,0
BRDA:63,7,0,0
BRDA:63,7,1,0
BRDA:64,8,0,0
BRDA:64,8,1,0
BRDA:65,9,0,0
BRDA:65,9,1,0
BRDA:68,10,0,0
BRDA:68,10,1,0
BRDA:75,11,0,0
BRDA:75,11,1,0
BRF:23
BRH:0
end_of_record
TN:
SF:src/app/api/health/route.ts
FN:5,GET
FNF:1
FNH:0
FNDA:0,GET
DA:1,0
DA:2,0
DA:3,0
DA:5,0
DA:6,0
DA:7,0
DA:20,0
DA:21,0
DA:22,0
DA:24,0
DA:25,0
DA:29,0
DA:30,0
DA:31,0
DA:32,0
DA:33,0
DA:36,0
DA:37,0
DA:41,0
DA:43,0
DA:45,0
DA:47,0
LF:22
LH:0
BRDA:15,0,0,0
BRDA:15,0,1,0
BRDA:16,1,0,0
BRDA:16,1,1,0
BRDA:31,2,0,0
BRDA:31,2,1,0
BRDA:32,3,0,0
BRDA:43,4,0,0
BRDA:43,4,1,0
BRDA:52,5,0,0
BRDA:52,5,1,0
BRF:11
BRH:0
end_of_record
TN:
SF:src/app/api/metrics/route.ts
FN:5,GET
FN:74,(anonymous_2)
FN:89,(anonymous_3)
FNF:3
FNH:0
FNDA:0,GET
FNDA:0,(anonymous_2)
FNDA:0,(anonymous_3)
DA:1,0
DA:2,0
DA:3,0
DA:5,0
DA:6,0
DA:8,0
DA:9,0
DA:11,0
DA:12,0
DA:15,0
DA:16,0
DA:17,0
DA:20,0
DA:47,0
DA:48,0
DA:50,0
DA:54,0
DA:57,0
DA:58,0
DA:60,0
DA:64,0
DA:66,0
DA:70,0
DA:73,0
DA:74,0
DA:76,0
DA:81,0
DA:85,0
DA:86,0
DA:87,0
DA:89,0
DA:90,0
DA:91,0
DA:93,0
DA:94,0
DA:96,0
DA:97,0
DA:99,0
DA:100,0
DA:104,0
DA:105,0
DA:106,0
DA:108,0
DA:110,0
DA:111,0
LF:45
LH:0
BRDA:11,0,0,0
BRDA:11,1,0,0
BRDA:11,1,1,0
BRDA:76,2,0,0
BRDA:76,2,1,0
BRDA:91,3,0,0
BRDA:91,3,1,0
BRDA:93,4,0,0
BRDA:93,4,1,0
BRDA:93,5,0,0
BRDA:93,5,1,0
BRDA:96,6,0,0
BRDA:96,7,0,0
BRDA:96,7,1,0
BRDA:99,8,0,0
BRF:15
BRH:0
end_of_record
TN:
SF:src/app/api/privacy/delete/route.ts
FN:12,POST
FNF:1
FNH:0
FNDA:0,POST
DA:1,0
DA:2,0
DA:3,0
DA:5,0
DA:6,0
DA:7,0
DA:10,0
DA:12,0
DA:13,0
DA:15,0
DA:16,0
DA:18,0
DA:19,0
DA:26,0
DA:27,0
DA:28,0
DA:34,0
DA:37,0
DA:45,0
DA:51,0
DA:58,0
DA:59,0
DA:63,0
DA:65,0
DA:66,0
DA:71,0
DA:72,0
DA:76,0
DA:78,0
DA:79,0
DA:83,0
DA:87,0
DA:89,0
DA:90,0
DA:91,0
DA:100,0
DA:101,0
DA:103,0
DA:107,0
DA:114,0
DA:115,0
LF:41
LH:0
BRDA:18,0,0,0
BRDA:27,1,0,0
BRDA:40,2,0,0
BRDA:40,2,1,0
BRDA:41,3,0,0
BRDA:41,3,1,0
BRDA:71,4,0,0
BRDA:71,4,1,0
BRF:8
BRH:0
end_of_record
TN:
SF:src/app/api/privacy/export/route.ts
FN:10,POST
FN:65,(anonymous_2)
FN:83,(anonymous_3)
FN:101,(anonymous_4)
FNF:4
FNH:0
FNDA:0,POST
FNDA:0,(anonymous_2)
FNDA:0,(anonymous_3)
FNDA:0,(anonymous_4)
DA:1,0
DA:2,0
DA:3,0
DA:5,0
DA:6,0
DA:8,0
DA:10,0
DA:11,0
DA:13,0
DA:14,0
DA:16,0
DA:17,0
DA:24,0
DA:25,0
DA:26,0
DA:33,0
DA:48,0
DA:52,0
DA:53,0
DA:54,0
DA:55,0
DA:59,0
DA:63,0
DA:65,0
DA:66,0
DA:67,0
DA:77,0
DA:81,0
DA:83,0
DA:84,0
DA:85,0
DA:95,0
DA:99,0
DA:101,0
DA:102,0
DA:103,0
DA:112,0
DA:119,0
DA:120,0
LF:39
LH:0
BRDA:16,0,0,0
BRDA:25,1,0,0
BRDA:36,2,0,0
BRDA:36,2,1,0
BRDA:37,3,0,0
BRDA:37,3,1,0
BRDA:38,4,0,0
BRDA:38,4,1,0
BRDA:52,5,0,0
BRDA:54,6,0,0
BRDA:54,6,1,0
BRDA:55,7,0,0
BRDA:55,7,1,0
BRDA:69,8,0,0
BRDA:69,8,1,0
BRDA:70,9,0,0
BRDA:70,9,1,0
BRDA:71,10,0,0
BRDA:71,10,1,0
BRDA:72,11,0,0
BRDA:72,11,1,0
BRDA:87,12,0,0
BRDA:87,12,1,0
BRDA:88,13,0,0
BRDA:88,13,1,0
BRDA:89,14,0,0
BRDA:89,14,1,0
BRDA:90,15,0,0
BRDA:90,15,1,0
BRDA:105,16,0,0
BRDA:105,16,1,0
BRDA:106,17,0,0
BRDA:106,17,1,0
BRDA:107,18,0,0
BRDA:107,18,1,0
BRF:35
BRH:0
end_of_record
TN:
SF:src/app/api/robots/route.ts
FN:3,GET
FNF:1
FNH:0
FNDA:0,GET
DA:1,0
DA:3,0
DA:4,0
DA:6,0
DA:40,0
LF:5
LH:0
BRDA:4,0,0,0
BRDA:4,0,1,0
BRF:2
BRH:0
end_of_record
TN:
SF:src/app/api/sitemap/route.ts
FN:3,GET
FNF:1
FNH:0
FNDA:0,GET
DA:1,0
DA:3,0
DA:4,0
DA:6,0
DA:58,0
LF:5
LH:0
BRDA:4,0,0,0
BRDA:4,0,1,0
BRF:2
BRH:0
end_of_record
TN:
SF:src/app/api/social-tasks/route.ts
FN:6,POST
FN:87,GET
FN:109,(anonymous_5)
FNF:3
FNH:0
FNDA:0,POST
FNDA:0,GET
FNDA:0,(anonymous_5)
DA:1,0
DA:2,0
DA:3,0
DA:4,0
DA:6,0
DA:7,0
DA:9,0
DA:10,0
DA:11,0
DA:17,0
DA:20,0
DA:21,0
DA:28,0
DA:29,0
DA:30,0
DA:37,0
DA:45,0
DA:46,0
DA:47,0
DA:54,0
DA:70,0
DA:72,0
DA:79,0
DA:80,0
DA:87,0
DA:88,0
DA:90,0
DA:91,0
DA:92,0
DA:98,0
DA:99,0
DA:102,0
DA:108,0
DA:109,0
DA:114,0
DA:120,0
DA:121,0
LF:37
LH:0
BRDA:10,0,0,0
BRDA:20,1,0,0
BRDA:20,2,0,0
BRDA:20,2,1,0
BRDA:29,3,0,0
BRDA:46,4,0,0
BRDA:59,5,0,0
BRDA:59,5,1,0
BRDA:60,6,0,0
BRDA:60,6,1,0
BRDA:91,7,0,0
BRDA:99,8,0,0
BRDA:99,8,1,0
BRF:13
BRH:0
end_of_record
TN:
SF:src/app/api/video/[id]/route.ts
FN:6,GET
FN:60,PATCH
FN:127,DELETE
FNF:3
FNH:0
FNDA:0,GET
FNDA:0,PATCH
FNDA:0,DELETE
DA:1,0
DA:2,0
DA:3,0
DA:4,0
DA:6,0
DA:10,0
DA:11,0
DA:14,0
DA:16,0
DA:17,0
DA:23,0
DA:26,0
DA:27,0
DA:28,0
DA:30,0
DA:31,0
DA:38,0
DA:39,0
DA:45,0
DA:52,0
DA:53,0
DA:60,0
DA:64,0
DA:66,0
DA:67,0
DA:68,0
DA:74,0
DA:75,0
DA:78,0
DA:80,0
DA:81,0
DA:87,0
DA:90,0
DA:91,0
DA:98,0
DA:102,0
DA:103,0
DA:106,0
DA:107,0
DA:111,0
DA:113,0
DA:119,0
DA:120,0
DA:127,0
DA:131,0
DA:133,0
DA:134,0
DA:135,0
DA:141,0
DA:144,0
DA:146,0
DA:147,0
DA:153,0
DA:156,0
DA:157,0
DA:164,0
DA:169,0
DA:175,0
DA:176,0
LF:59
LH:0
BRDA:16,0,0,0
BRDA:27,1,0,0
BRDA:27,1,1,0
BRDA:30,2,0,0
BRDA:30,3,0,0
BRDA:30,3,1,0
BRDA:38,4,0,0
BRDA:38,5,0,0
BRDA:38,5,1,0
BRDA:40,6,0,0
BRDA:40,6,1,0
BRDA:48,7,0,0
BRDA:48,7,1,0
BRDA:48,8,0,0
BRDA:48,8,1,0
BRDA:67,9,0,0
BRDA:80,10,0,0
BRDA:90,11,0,0
BRDA:102,12,0,0
BRDA:106,13,0,0
BRDA:106,14,0,0
BRDA:106,14,1,0
BRDA:134,15,0,0
BRDA:146,16,0,0
BRDA:156,17,0,0
BRF:25
BRH:0
end_of_record
TN:
SF:src/app/api/video/[id]/share/route.ts
FN:5,POST
FNF:1
FNH:0
FNDA:0,POST
DA:1,0
DA:2,0
DA:3,0
DA:5,0
DA:9,0
DA:10,0
DA:13,0
DA:15,0
DA:16,0
DA:22,0
DA:25,0
DA:26,0
DA:32,0
DA:33,0
DA:40,0
DA:45,0
DA:51,0
DA:52,0
LF:18
LH:0
BRDA:15,0,0,0
BRDA:25,1,0,0
BRDA:32,2,0,0
BRDA:41,3,0,0
BRDA:41,3,1,0
BRDA:47,4,0,0
BRDA:47,4,1,0
BRF:7
BRH:0
end_of_record
TN:
SF:src/app/api/video/generate/route.ts
FN:11,POST
FNF:1
FNH:0
FNDA:0,POST
DA:1,0
DA:2,0
DA:3,0
DA:4,0
DA:5,0
DA:6,0
DA:7,0
DA:9,0
DA:11,0
DA:12,0
DA:14,0
DA:15,0
DA:16,0
DA:23,0
DA:24,0
DA:26,0
DA:27,0
DA:37,0
DA:40,0
DA:41,0
DA:47,0
DA:48,0
DA:54,0
DA:55,0
DA:56,0
DA:63,0
DA:64,0
DA:65,0
DA:71,0
DA:72,0
DA:74,0
DA:75,0
DA:87,0
DA:101,0
DA:103,0
DA:105,0
DA:112,0
DA:119,0
DA:125,0
DA:135,0
DA:145,0
DA:151,0
DA:152,0
DA:163,0
DA:164,0
LF:45
LH:0
BRDA:15,0,0,0
BRDA:26,1,0,0
BRDA:40,2,0,0
BRDA:40,3,0,0
BRDA:40,3,1,0
BRDA:40,3,2,0
BRDA:47,4,0,0
BRDA:55,5,0,0
BRDA:64,6,0,0
BRDA:72,7,0,0
BRDA:72,7,1,0
BRDA:74,8,0,0
BRDA:89,9,0,0
BRDA:89,9,1,0
BRDA:147,10,0,0
BRDA:147,10,1,0
BRF:16
BRH:0
end_of_record
TN:
SF:src/app/api/video/status/[id]/route.ts
FN:7,GET
FNF:1
FNH:0
FNDA:0,GET
DA:1,0
DA:2,0
DA:3,0
DA:4,0
DA:5,0
DA:7,0
DA:11,0
DA:13,0
DA:14,0
DA:15,0
DA:21,0
DA:24,0
DA:26,0
DA:27,0
DA:33,0
DA:36,0
DA:37,0
DA:44,0
DA:45,0
DA:59,0
DA:60,0
DA:61,0
DA:64,0
DA:65,0
DA:70,0
DA:71,0
DA:74,0
DA:75,0
DA:78,0
DA:79,0
DA:82,0
DA:85,0
DA:86,0
DA:93,0
DA:106,0
DA:109,0
DA:115,0
DA:128,0
DA:139,0
DA:140,0
LF:40
LH:0
BRDA:14,0,0,0
BRDA:26,1,0,0
BRDA:36,2,0,0
BRDA:44,3,0,0
BRDA:44,4,0,0
BRDA:44,4,1,0
BRDA:59,5,0,0
BRDA:64,6,0,0
BRDA:70,7,0,0
BRDA:74,8,0,0
BRDA:78,9,0,0
BRDA:85,10,0,0
BRDA:85,11,0,0
BRDA:85,11,1,0
BRF:14
BRH:0
end_of_record
TN:
SF:src/app/api/video/user/route.ts
FN:6,GET
FN:44,(anonymous_2)
FNF:2
FNH:0
FNDA:0,GET
FNDA:0,(anonymous_2)
DA:1,0
DA:2,0
DA:3,0
DA:4,0
DA:6,0
DA:7,0
DA:9,0
DA:10,0
DA:11,0
DA:17,0
DA:18,0
DA:19,0
DA:22,0
DA:30,0
DA:31,0
DA:32,0
DA:33,0
DA:43,0
DA:44,0
DA:49,0
DA:56,0
DA:57,0
LF:22
LH:0
BRDA:10,0,0,0
BRDA:18,1,0,0
BRDA:18,1,1,0
BRDA:30,2,0,0
BRDA:32,3,0,0
BRDA:52,4,0,0
BRDA:52,4,1,0
BRF:7
BRH:0
end_of_record
TN:
SF:src/app/api/webhooks/stripe/route.ts
FN:30,POST
FN:75,handlePaymentSuccess
FN:126,handlePaymentFailure
FN:139,handlePaymentCanceled
FNF:4
FNH:0
FNDA:0,POST
FNDA:0,handlePaymentSuccess
FNDA:0,handlePaymentFailure
FNDA:0,handlePaymentCanceled
DA:1,0
DA:2,0
DA:3,0
DA:4,0
DA:5,0
DA:8,0
DA:9,0
DA:18,0
DA:19,0
DA:23,0
DA:30,0
DA:31,0
DA:32,0
DA:34,0
DA:35,0
DA:40,0
DA:41,0
DA:47,0
DA:48,0
DA:51,0
DA:53,0
DA:54,0
DA:56,0
DA:57,0
DA:59,0
DA:60,0
DA:62,0
DA:63,0
DA:65,0
DA:68,0
DA:70,0
DA:71,0
DA:76,0
DA:78,0
DA:79,0
DA:80,0
DA:83,0
DA:84,0
DA:87,0
DA:88,0
DA:94,0
DA:97,0
DA:98,0
DA:99,0
DA:101,0
DA:107,0
DA:108,0
DA:118,0
DA:120,0
DA:122,0
DA:127,0
DA:128,0
DA:133,0
DA:135,0
DA:140,0
DA:141,0
DA:146,0
DA:148,0
LF:58
LH:0
BRDA:8,0,0,0
BRDA:34,1,0,0
BRDA:54,2,0,0
BRDA:54,2,1,0
BRDA:54,2,2,0
BRDA:54,2,3,0
BRDA:78,3,0,0
BRDA:78,4,0,0
BRDA:78,4,1,0
BRDA:78,4,2,0
BRDA:94,5,0,0
BRDA:94,5,1,0
BRDA:99,6,0,0
BRDA:99,6,1,0
BRDA:112,7,0,0
BRDA:112,7,1,0
BRF:16
BRH:0
end_of_record
TN:
SF:src/app/creation/[id]/result/page.tsx
FN:11,CreationResultPage
FN:18,(anonymous_3)
FN:19,(anonymous_4)
FN:46,(anonymous_5)
FN:75,(anonymous_6)
FNF:5
FNH:0
FNDA:0,CreationResultPage
FNDA:0,(anonymous_3)
FNDA:0,(anonymous_4)
FNDA:0,(anonymous_5)
FNDA:0,(anonymous_6)
DA:3,0
DA:4,0
DA:5,0
DA:6,0
DA:7,0
DA:9,0
DA:11,0
DA:12,0
DA:13,0
DA:14,0
DA:15,0
DA:16,0
DA:18,0
DA:19,0
DA:20,0
DA:21,0
DA:22,0
DA:24,0
DA:25,0
DA:29,0
DA:30,0
DA:33,0
DA:35,0
DA:37,0
DA:41,0
DA:42,0
DA:46,0
DA:47,0
DA:49,0
DA:51,0
DA:53,0
DA:54,0
DA:61,0
DA:62,0
DA:65,0
DA:66,0
DA:67,0
DA:68,0
DA:70,0
DA:75,0
DA:76,0
DA:78,0
DA:79,0
DA:80,0
DA:81,0
DA:82,0
DA:83,0
DA:84,0
DA:87,0
DA:98,0
LF:50
LH:0
BRDA:24,0,0,0
BRDA:25,1,0,0
BRDA:25,1,1,0
BRDA:29,2,0,0
BRDA:29,3,0,0
BRDA:29,3,1,0
BRDA:41,4,0,0
BRDA:53,5,0,0
BRDA:53,5,1,0
BRDA:55,6,0,0
BRDA:55,6,1,0
BRDA:76,7,0,0
BRDA:80,8,0,0
BRDA:80,8,1,0
BRDA:87,9,0,0
BRDA:98,10,0,0
BRDA:98,11,0,0
BRDA:98,11,1,0
BRDA:109,12,0,0
BRDA:109,12,1,0
BRDA:155,13,0,0
BRDA:155,13,1,0
BRDA:159,14,0,0
BRDA:162,15,0,0
BRDA:171,16,0,0
BRDA:170,17,0,0
BRDA:170,17,1,0
BRDA:174,18,0,0
BRDA:174,18,1,0
BRDA:181,19,0,0
BRDA:186,20,0,0
BRDA:211,21,0,0
BRDA:211,21,1,0
BRF:33
BRH:0
end_of_record
TN:
SF:src/app/demo/credits/page.tsx
FN:14,CreditsDemoPage
FN:18,(anonymous_2)
FN:92,(anonymous_3)
FN:116,(anonymous_4)
FNF:4
FNH:0
FNDA:0,CreditsDemoPage
FNDA:0,(anonymous_2)
FNDA:0,(anonymous_3)
FNDA:0,(anonymous_4)
DA:3,0
DA:10,0
DA:11,0
DA:12,0
DA:14,0
DA:15,0
DA:16,0
DA:18,0
DA:19,0
DA:20,0
DA:21,0
DA:24,0
DA:31,0
DA:32,0
DA:92,0
DA:116,0
LF:16
LH:0
BRDA:19,0,0,0
BRDA:31,1,0,0
BRF:2
BRH:0
end_of_record
TN:
SF:src/app/demo/payments/page.tsx
FN:12,PaymentsDemoPage
FN:17,(anonymous_2)
FN:74,(anonymous_3)
FN:77,(anonymous_4)
FN:139,(anonymous_5)
FNF:5
FNH:0
FNDA:0,PaymentsDemoPage
FNDA:0,(anonymous_2)
FNDA:0,(anonymous_3)
FNDA:0,(anonymous_4)
FNDA:0,(anonymous_5)
DA:3,0
DA:8,0
DA:9,0
DA:10,0
DA:12,0
DA:13,0
DA:14,0
DA:15,0
DA:17,0
DA:18,0
DA:19,0
DA:22,0
DA:75,0
DA:77,0
DA:139,0
LF:15
LH:0
BRDA:22,0,0,0
BRF:1
BRH:0
end_of_record
TN:
SF:src/app/forgot-password/page.tsx
FN:10,ForgotPasswordPage
FN:17,(anonymous_3)
FN:43,(anonymous_4)
FN:85,(anonymous_5)
FNF:4
FNH:0
FNDA:0,ForgotPasswordPage
FNDA:0,(anonymous_3)
FNDA:0,(anonymous_4)
FNDA:0,(anonymous_5)
DA:3,0
DA:4,0
DA:5,0
DA:6,0
DA:7,0
DA:8,0
DA:10,0
DA:11,0
DA:12,0
DA:13,0
DA:14,0
DA:15,0
DA:17,0
DA:18,0
DA:20,0
DA:21,0
DA:22,0
DA:25,0
DA:26,0
DA:27,0
DA:30,0
DA:31,0
DA:33,0
DA:34,0
DA:35,0
DA:37,0
DA:39,0
DA:43,0
DA:44,0
DA:45,0
DA:46,0
DA:86,0
DA:87,0
LF:33
LH:0
BRDA:20,0,0,0
BRDA:25,1,0,0
BRDA:61,2,0,0
BRDA:70,3,0,0
BRDA:87,4,0,0
BRDA:90,5,0,0
BRDA:90,5,1,0
BRDA:102,6,0,0
BRDA:102,6,1,0
BRF:9
BRH:0
end_of_record
TN:
SF:src/app/gallery/page.tsx
FN:25,GalleryPage
FN:31,(anonymous_2)
FN:49,(anonymous_3)
FN:53,(anonymous_4)
FN:60,(anonymous_5)
FN:69,(anonymous_6)
FN:95,(anonymous_7)
FN:99,(anonymous_8)
FN:141,(anonymous_9)
FN:144,(anonymous_10)
FN:161,(anonymous_11)
FN:164,(anonymous_12)
FN:217,(anonymous_13)
FN:221,(anonymous_14)
FN:339,(anonymous_15)
FN:356,(anonymous_16)
FN:371,(anonymous_17)
FNF:17
FNH:0
FNDA:0,GalleryPage
FNDA:0,(anonymous_2)
FNDA:0,(anonymous_3)
FNDA:0,(anonymous_4)
FNDA:0,(anonymous_5)
FNDA:0,(anonymous_6)
FNDA:0,(anonymous_7)
FNDA:0,(anonymous_8)
FNDA:0,(anonymous_9)
FNDA:0,(anonymous_10)
FNDA:0,(anonymous_11)
FNDA:0,(anonymous_12)
FNDA:0,(anonymous_13)
FNDA:0,(anonymous_14)
FNDA:0,(anonymous_15)
FNDA:0,(anonymous_16)
FNDA:0,(anonymous_17)
DA:3,0
DA:4,0
DA:5,0
DA:6,0
DA:7,0
DA:8,0
DA:9,0
DA:10,0
DA:11,0
DA:12,0
DA:14,0
DA:25,0
DA:26,0
DA:28,0
DA:31,0
DA:32,0
DA:46,0
DA:49,0
DA:50,0
DA:53,0
DA:54,0
DA:55,0
DA:56,0
DA:60,0
DA:61,0
DA:62,0
DA:63,0
DA:64,0
DA:65,0
DA:69,0
DA:70,0
DA:71,0
DA:73,0
DA:74,0
DA:80,0
DA:81,0
DA:84,0
DA:85,0
DA:86,0
DA:87,0
DA:88,0
DA:90,0
DA:95,0
DA:96,0
DA:99,0
DA:100,0
DA:101,0
DA:103,0
DA:106,0
DA:107,0
DA:142,0
DA:144,0
DA:161,0
DA:165,0
DA:218,0
DA:221,0
DA:339,0
DA:356,0
DA:371,0
LF:59
LH:0
BRDA:55,0,0,0
BRDA:62,1,0,0
BRDA:62,1,1,0
BRDA:64,2,0,0
BRDA:73,3,0,0
BRDA:73,3,1,0
BRDA:75,4,0,0
BRDA:75,4,1,0
BRDA:100,5,0,0
BRDA:146,6,0,0
BRDA:146,6,1,0
BRDA:179,7,0,0
BRDA:178,8,0,0
BRDA:178,8,1,0
BRDA:184,9,0,0
BRDA:197,10,0,0
BRDA:205,11,0,0
BRDA:205,11,1,0
BRDA:226,12,0,0
BRDA:228,13,0,0
BRDA:228,13,1,0
BRDA:244,14,0,0
BRDA:254,15,0,0
BRDA:265,16,0,0
BRDA:265,16,1,0
BRDA:279,17,0,0
BRDA:286,18,0,0
BRDA:286,18,1,0
BRDA:322,19,0,0
BRDA:329,20,0,0
BRDA:329,20,1,0
BRDA:351,21,0,0
BRDA:354,22,0,0
BRDA:354,22,1,0
BRF:34
BRH:0
end_of_record
TN:
SF:src/app/login/page.tsx
FN:10,LoginPage
FN:18,(anonymous_2)
FN:40,(anonymous_3)
FNF:3
FNH:0
FNDA:0,LoginPage
FNDA:0,(anonymous_2)
FNDA:0,(anonymous_3)
DA:3,0
DA:4,0
DA:5,0
DA:6,0
DA:7,0
DA:8,0
DA:10,0
DA:11,0
DA:12,0
DA:13,0
DA:14,0
DA:16,0
DA:18,0
DA:19,0
DA:20,0
DA:24,0
DA:32,0
DA:33,0
DA:40,0
LF:19
LH:0
BRDA:14,0,0,0
BRDA:14,0,1,0
BRDA:19,1,0,0
BRDA:19,2,0,0
BRDA:19,2,1,0
BRDA:24,3,0,0
BRDA:32,4,0,0
BRF:7
BRH:0
end_of_record
TN:
SF:src/app/pricing/page.tsx
FN:11,PricingPage
FN:19,(anonymous_2)
FN:23,(anonymous_3)
FN:164,(anonymous_4)
FN:177,(anonymous_5)
FNF:5
FNH:0
FNDA:0,PricingPage
FNDA:0,(anonymous_2)
FNDA:0,(anonymous_3)
FNDA:0,(anonymous_4)
FNDA:0,(anonymous_5)
DA:3,0
DA:4,0
DA:5,0
DA:6,0
DA:7,0
DA:8,0
DA:9,0
DA:11,0
DA:12,0
DA:13,0
DA:14,0
DA:16,0
DA:19,0
DA:20,0
DA:23,0
DA:24,0
DA:26,0
DA:27,0
DA:30,0
DA:31,0
DA:164,0
DA:177,0
LF:22
LH:0
BRDA:24,0,0,0
BRDA:156,1,0,0
BRF:2
BRH:0
end_of_record
TN:
SF:src/app/privacy-policy/page.tsx
FN:9,PrivacyPolicyPage
FN:18,(anonymous_3)
FN:46,(anonymous_4)
FN:66,(anonymous_5)
FN:73,(anonymous_6)
FN:76,(anonymous_7)
FN:77,(anonymous_8)
FN:80,(anonymous_9)
FN:103,(anonymous_10)
FN:106,(anonymous_11)
FNF:10
FNH:0
FNDA:0,PrivacyPolicyPage
FNDA:0,(anonymous_3)
FNDA:0,(anonymous_4)
FNDA:0,(anonymous_5)
FNDA:0,(anonymous_6)
FNDA:0,(anonymous_7)
FNDA:0,(anonymous_8)
FNDA:0,(anonymous_9)
FNDA:0,(anonymous_10)
FNDA:0,(anonymous_11)
DA:3,0
DA:4,0
DA:5,0
DA:6,0
DA:7,0
DA:9,0
DA:10,0
DA:11,0
DA:13,0
DA:14,0
DA:15,0
DA:16,0
DA:18,0
DA:19,0
DA:20,0
DA:21,0
DA:46,0
DA:66,0
DA:73,0
DA:76,0
DA:78,0
DA:81,0
DA:82,0
DA:83,0
DA:104,0
DA:106,0
LF:26
LH:0
BRDA:16,0,0,0
BRDA:16,0,1,0
BRDA:20,1,0,0
BRDA:60,2,0,0
BRDA:70,3,0,0
BRDA:70,3,1,0
BRF:6
BRH:0
end_of_record
TN:
SF:src/app/reset-password/page.tsx
FN:12,ResetPasswordPage
FN:29,(anonymous_3)
FN:35,(anonymous_4)
FN:59,(anonymous_5)
FN:77,(anonymous_6)
FN:78,(anonymous_7)
FN:81,(anonymous_8)
FN:126,(anonymous_9)
FN:134,(anonymous_10)
FN:134,(anonymous_11)
FN:154,(anonymous_12)
FN:162,(anonymous_13)
FN:162,(anonymous_14)
FNF:13
FNH:0
FNDA:0,ResetPasswordPage
FNDA:0,(anonymous_3)
FNDA:0,(anonymous_4)
FNDA:0,(anonymous_5)
FNDA:0,(anonymous_6)
FNDA:0,(anonymous_7)
FNDA:0,(anonymous_8)
FNDA:0,(anonymous_9)
FNDA:0,(anonymous_10)
FNDA:0,(anonymous_11)
FNDA:0,(anonymous_12)
FNDA:0,(anonymous_13)
FNDA:0,(anonymous_14)
DA:3,0
DA:4,0
DA:5,0
DA:6,0
DA:7,0
DA:8,0
DA:9,0
DA:10,0
DA:12,0
DA:13,0
DA:14,0
DA:15,0
DA:19,0
DA:20,0
DA:21,0
DA:22,0
DA:27,0
DA:29,0
DA:30,0
DA:31,0
DA:35,0
DA:36,0
DA:39,0
DA:40,0
DA:42,0
DA:43,0
DA:44,0
DA:49,0
DA:50,0
DA:51,0
DA:52,0
DA:55,0
DA:56,0
DA:59,0
DA:60,0
DA:62,0
DA:64,0
DA:65,0
DA:67,0
DA:68,0
DA:69,0
DA:71,0
DA:73,0
DA:77,0
DA:78,0
DA:80,0
DA:81,0
DA:85,0
DA:86,0
DA:126,0
DA:134,0
DA:154,0
DA:162,0
LF:53
LH:0
BRDA:30,0,0,0
BRDA:39,1,0,0
BRDA:39,1,1,0
BRDA:43,2,0,0
BRDA:49,3,0,0
BRDA:49,3,1,0
BRDA:51,4,0,0
BRDA:62,5,0,0
BRDA:62,6,0,0
BRDA:62,6,1,0
BRDA:80,7,0,0
BRDA:85,8,0,0
BRDA:101,9,0,0
BRDA:110,10,0,0
BRDA:124,11,0,0
BRDA:124,11,1,0
BRDA:128,12,0,0
BRDA:128,12,1,0
BRDA:137,13,0,0
BRDA:137,13,1,0
BRDA:140,14,0,0
BRDA:152,15,0,0
BRDA:152,15,1,0
BRDA:156,16,0,0
BRDA:156,16,1,0
BRDA:165,17,0,0
BRDA:165,17,1,0
BRDA:168,18,0,0
BRDA:178,19,0,0
BRDA:178,19,1,0
BRF:30
BRH:0
end_of_record
TN:
SF:src/app/signup/page.tsx
FN:10,SignUpPage
FN:19,(anonymous_2)
FN:42,(anonymous_3)
FNF:3
FNH:0
FNDA:0,SignUpPage
FNDA:0,(anonymous_2)
FNDA:0,(anonymous_3)
DA:3,0
DA:4,0
DA:5,0
DA:6,0
DA:7,0
DA:8,0
DA:10,0
DA:11,0
DA:12,0
DA:13,0
DA:14,0
DA:15,0
DA:17,0
DA:19,0
DA:20,0
DA:21,0
DA:25,0
DA:33,0
DA:34,0
DA:42,0
LF:20
LH:0
BRDA:15,0,0,0
BRDA:15,0,1,0
BRDA:17,1,0,0
BRDA:17,1,1,0
BRDA:20,2,0,0
BRDA:20,3,0,0
BRDA:20,3,1,0
BRDA:25,4,0,0
BRDA:33,5,0,0
BRDA:41,6,0,0
BRDA:41,6,1,0
BRF:11
BRH:0
end_of_record
TN:
SF:src/components/PWAManager.tsx
FN:10,PWAManager
FN:16,(anonymous_2)
FN:21,(anonymous_3)
FN:25,(anonymous_4)
FN:28,(anonymous_5)
FN:36,(anonymous_6)
FN:42,(anonymous_7)
FN:51,(anonymous_8)
FN:52,(anonymous_9)
FN:60,(anonymous_10)
FN:67,(anonymous_11)
FN:83,(anonymous_12)
FN:85,(anonymous_13)
FN:129,(anonymous_14)
FN:162,(anonymous_15)
FNF:15
FNH:0
FNDA:0,PWAManager
FNDA:0,(anonymous_2)
FNDA:0,(anonymous_3)
FNDA:0,(anonymous_4)
FNDA:0,(anonymous_5)
FNDA:0,(anonymous_6)
FNDA:0,(anonymous_7)
FNDA:0,(anonymous_8)
FNDA:0,(anonymous_9)
FNDA:0,(anonymous_10)
FNDA:0,(anonymous_11)
FNDA:0,(anonymous_12)
FNDA:0,(anonymous_13)
FNDA:0,(anonymous_14)
FNDA:0,(anonymous_15)
DA:3,0
DA:10,0
DA:11,0
DA:12,0
DA:13,0
DA:14,0
DA:16,0
DA:18,0
DA:19,0
DA:22,0
DA:25,0
DA:26,0
DA:27,0
DA:28,0
DA:29,0
DA:30,0
DA:37,0
DA:42,0
DA:43,0
DA:44,0
DA:45,0
DA:48,0
DA:51,0
DA:52,0
DA:54,0
DA:55,0
DA:58,0
DA:60,0
DA:61,0
DA:62,0
DA:63,0
DA:67,0
DA:68,0
DA:70,0
DA:71,0
DA:73,0
DA:74,0
DA:76,0
DA:79,0
DA:80,0
DA:83,0
DA:84,0
DA:85,0
DA:86,0
DA:87,0
DA:88,0
DA:129,0
DA:162,0
LF:48
LH:0
BRDA:18,0,0,0
BRDA:27,1,0,0
BRDA:29,2,0,0
BRDA:29,3,0,0
BRDA:29,3,1,0
BRDA:68,4,0,0
BRDA:73,5,0,0
BRDA:73,5,1,0
BRDA:84,6,0,0
BRDA:86,7,0,0
BRDA:97,8,0,0
BRDA:110,9,0,0
BRDA:141,10,0,0
BRF:13
BRH:0
end_of_record
TN:
SF:src/components/admin/MonitoringDashboard.tsx
FN:51,MonitoringDashboard
FN:58,(anonymous_5)
FN:73,(anonymous_6)
FN:90,(anonymous_7)
FN:97,(anonymous_8)
FN:102,(anonymous_9)
FN:105,(anonymous_10)
FN:119,(anonymous_11)
FN:124,(anonymous_12)
FNF:9
FNH:0
FNDA:0,MonitoringDashboard
FNDA:0,(anonymous_5)
FNDA:0,(anonymous_6)
FNDA:0,(anonymous_7)
FNDA:0,(anonymous_8)
FNDA:0,(anonymous_9)
FNDA:0,(anonymous_10)
FNDA:0,(anonymous_11)
FNDA:0,(anonymous_12)
DA:3,0
DA:4,0
DA:5,0
DA:6,0
DA:51,0
DA:52,0
DA:53,0
DA:54,0
DA:55,0
DA:56,0
DA:58,0
DA:59,0
DA:60,0
DA:61,0
DA:62,0
DA:64,0
DA:65,0
DA:73,0
DA:74,0
DA:75,0
DA:81,0
DA:82,0
DA:83,0
DA:86,0
DA:90,0
DA:91,0
DA:92,0
DA:93,0
DA:94,0
DA:97,0
DA:98,0
DA:101,0
DA:102,0
DA:105,0
DA:106,0
DA:107,0
DA:108,0
DA:110,0
DA:111,0
DA:112,0
DA:113,0
DA:115,0
DA:119,0
DA:120,0
DA:121,0
DA:124,0
DA:125,0
DA:127,0
DA:129,0
DA:131,0
DA:133,0
DA:137,0
LF:52
LH:0
BRDA:77,0,0,0
BRDA:77,0,1,0
BRDA:81,1,0,0
BRDA:110,2,0,0
BRDA:110,2,1,0
BRDA:112,3,0,0
BRDA:112,3,1,0
BRDA:125,4,0,0
BRDA:125,4,1,0
BRDA:125,4,2,0
BRDA:125,4,3,0
BRDA:137,5,0,0
BRDA:137,6,0,0
BRDA:137,6,1,0
BRDA:137,6,2,0
BRDA:153,7,0,0
BRDA:164,8,0,0
BRDA:164,8,1,0
BRDA:170,9,0,0
BRDA:218,10,0,0
BRF:20
BRH:0
end_of_record
TN:
SF:src/components/analytics/AnalyticsProvider.tsx
FN:19,AnalyticsProvider
FN:25,(anonymous_4)
FN:31,(anonymous_5)
FN:45,(anonymous_6)
FN:59,useAnalyticsContext
FNF:5
FNH:0
FNDA:0,AnalyticsProvider
FNDA:0,(anonymous_4)
FNDA:0,(anonymous_5)
FNDA:0,(anonymous_6)
FNDA:0,useAnalyticsContext
DA:3,0
DA:4,0
DA:5,0
DA:6,0
DA:13,0
DA:19,0
DA:20,0
DA:21,0
DA:22,0
DA:25,0
DA:26,0
DA:27,0
DA:31,0
DA:32,0
DA:34,0
DA:35,0
DA:37,0
DA:38,0
DA:39,0
DA:44,0
DA:47,0
DA:59,0
DA:60,0
DA:61,0
DA:62,0
DA:64,0
LF:26
LH:0
BRDA:26,0,0,0
BRDA:26,0,1,0
BRDA:32,1,0,0
BRDA:37,2,0,0
BRDA:61,3,0,0
BRF:5
BRH:0
end_of_record
TN:
SF:src/components/auth/AuthForm.tsx
FN:16,AuthForm
FN:29,(anonymous_6)
FN:64,(anonymous_7)
FN:86,(anonymous_8)
FN:100,(anonymous_9)
FN:101,(anonymous_10)
FN:104,(anonymous_11)
FN:187,(anonymous_12)
FN:208,(anonymous_13)
FN:228,(anonymous_14)
FN:249,(anonymous_15)
FNF:11
FNH:0
FNDA:0,AuthForm
FNDA:0,(anonymous_6)
FNDA:0,(anonymous_7)
FNDA:0,(anonymous_8)
FNDA:0,(anonymous_9)
FNDA:0,(anonymous_10)
FNDA:0,(anonymous_11)
FNDA:0,(anonymous_12)
FNDA:0,(anonymous_13)
FNDA:0,(anonymous_14)
FNDA:0,(anonymous_15)
DA:3,0
DA:4,0
DA:5,0
DA:6,0
DA:7,0
DA:8,0
DA:16,0
DA:17,0
DA:18,0
DA:24,0
DA:25,0
DA:27,0
DA:29,0
DA:30,0
DA:33,0
DA:34,0
DA:35,0
DA:36,0
DA:40,0
DA:41,0
DA:42,0
DA:43,0
DA:44,0
DA:45,0
DA:50,0
DA:51,0
DA:52,0
DA:55,0
DA:56,0
DA:60,0
DA:61,0
DA:64,0
DA:65,0
DA:67,0
DA:69,0
DA:70,0
DA:72,0
DA:73,0
DA:74,0
DA:76,0
DA:78,0
DA:80,0
DA:82,0
DA:86,0
DA:87,0
DA:88,0
DA:90,0
DA:91,0
DA:92,0
DA:94,0
DA:96,0
DA:100,0
DA:101,0
DA:103,0
DA:104,0
DA:187,0
DA:208,0
DA:228,0
DA:249,0
LF:59
LH:0
BRDA:33,0,0,0
BRDA:33,0,1,0
BRDA:35,1,0,0
BRDA:40,2,0,0
BRDA:40,2,1,0
BRDA:42,3,0,0
BRDA:44,4,0,0
BRDA:50,5,0,0
BRDA:51,6,0,0
BRDA:55,7,0,0
BRDA:67,8,0,0
BRDA:73,9,0,0
BRDA:73,9,1,0
BRDA:103,10,0,0
BRDA:115,11,0,0
BRDA:115,11,1,0
BRDA:120,12,0,0
BRDA:127,13,0,0
BRDA:127,13,1,0
BRDA:177,14,0,0
BRDA:189,15,0,0
BRDA:189,15,1,0
BRDA:193,16,0,0
BRDA:210,17,0,0
BRDA:210,17,1,0
BRDA:214,18,0,0
BRDA:230,19,0,0
BRDA:230,19,1,0
BRDA:232,20,0,0
BRDA:232,20,1,0
BRDA:234,21,0,0
BRDA:239,22,0,0
BRDA:251,23,0,0
BRDA:251,23,1,0
BRDA:255,24,0,0
BRDA:265,25,0,0
BRDA:265,25,1,0
BRDA:267,26,0,0
BRDA:267,26,1,0
BRDA:267,27,0,0
BRDA:267,27,1,0
BRDA:274,28,0,0
BRF:42
BRH:0
end_of_record
TN:
SF:src/components/auth/WelcomeNotification.tsx
FN:7,WelcomeNotification
FN:11,(anonymous_2)
FN:22,(anonymous_3)
FN:26,(anonymous_4)
FN:51,(anonymous_5)
FNF:5
FNH:0
FNDA:0,WelcomeNotification
FNDA:0,(anonymous_2)
FNDA:0,(anonymous_3)
FNDA:0,(anonymous_4)
FNDA:0,(anonymous_5)
DA:3,0
DA:4,0
DA:5,0
DA:7,0
DA:8,0
DA:9,0
DA:11,0
DA:12,0
DA:14,0
DA:15,0
DA:16,0
DA:17,0
DA:19,0
DA:20,0
DA:22,0
DA:23,0
DA:26,0
DA:31,0
DA:51,0
LF:19
LH:0
BRDA:12,0,0,0
BRDA:19,1,0,0
BRDA:31,2,0,0
BRDA:31,3,0,0
BRDA:31,3,1,0
BRF:5
BRH:0
end_of_record
TN:
SF:src/components/layout/AccountLayout.tsx
FN:20,AccountLayout
FN:43,(anonymous_3)
FNF:2
FNH:0
FNDA:0,AccountLayout
FNDA:0,(anonymous_3)
DA:3,0
DA:4,0
DA:5,0
DA:6,0
DA:13,0
DA:20,0
DA:21,0
DA:44,0
LF:8
LH:0
BRDA:48,0,0,0
BRDA:48,0,1,0
BRF:2
BRH:0
end_of_record
TN:
SF:src/components/layout/AdminLayout.tsx
FN:13,AdminLayout
FNF:1
FNH:0
FNDA:0,AdminLayout
DA:4,0
DA:5,0
DA:6,0
DA:13,0
DA:14,0
LF:5
LH:0
BRF:0
BRH:0
end_of_record
TN:
SF:src/components/layout/Footer.tsx
FN:3,Footer
FNF:1
FNH:0
FNDA:0,Footer
DA:1,0
DA:3,0
LF:2
LH:0
BRF:0
BRH:0
end_of_record
TN:
SF:src/components/layout/Header.tsx
FN:8,Header
FNF:1
FNH:0
FNDA:0,Header
DA:3,0
DA:4,0
DA:5,0
DA:6,0
DA:8,0
DA:9,0
DA:10,0
LF:7
LH:0
BRDA:63,0,0,0
BRDA:70,1,0,0
BRDA:70,1,1,0
BRF:3
BRH:0
end_of_record
TN:
SF:src/components/ui/AccessibilityProvider.tsx
FN:10,AccessibilityProvider
FN:14,(anonymous_5)
FN:15,(anonymous_6)
FN:16,(anonymous_7)
FN:19,(anonymous_8)
FN:20,(anonymous_9)
FN:25,(anonymous_10)
FN:36,(anonymous_11)
FN:48,announceGlobally
FNF:9
FNH:0
FNDA:0,AccessibilityProvider
FNDA:0,(anonymous_5)
FNDA:0,(anonymous_6)
FNDA:0,(anonymous_7)
FNDA:0,(anonymous_8)
FNDA:0,(anonymous_9)
FNDA:0,(anonymous_10)
FNDA:0,(anonymous_11)
FNDA:0,announceGlobally
DA:3,0
DA:4,0
DA:10,0
DA:11,0
DA:14,0
DA:15,0
DA:16,0
DA:19,0
DA:20,0
DA:24,0
DA:25,0
DA:37,0
DA:48,0
DA:49,0
DA:50,0
LF:15
LH:0
BRDA:49,0,0,0
BRF:1
BRH:0
end_of_record
TN:
SF:src/components/ui/Button.tsx
FN:44,Button
FNF:1
FNH:1
FNDA:16,Button
DA:1,3
DA:2,3
DA:3,3
DA:4,3
DA:27,3
DA:29,3
DA:38,3
DA:44,16
DA:62,16
DA:64,16
DA:103,16
DA:117,16
LF:12
LH:12
BRDA:45,0,0,15
BRDA:48,1,0,13
BRDA:50,2,0,12
BRDA:51,3,0,15
BRDA:52,4,0,14
BRDA:53,5,0,14
BRDA:54,6,0,16
BRDA:57,7,0,16
BRDA:68,8,0,16
BRDA:68,8,1,2
BRDA:69,9,0,16
BRDA:69,9,1,16
BRDA:75,10,0,16
BRDA:97,11,0,16
BRDA:97,11,1,14
BRDA:98,12,0,2
BRDA:98,12,1,14
BRDA:99,13,0,16
BRDA:99,13,1,14
BRDA:103,14,0,0
BRDA:103,15,0,16
BRDA:103,15,1,0
BRDA:117,16,0,1
BRDA:117,17,0,16
BRDA:117,17,1,1
BRDA:135,18,0,15
BRDA:135,18,1,13
BRF:27
BRH:25
end_of_record
TN:
SF:src/components/ui/Card.tsx
FN:18,Card
FN:70,(anonymous_12)
FN:87,CardHeader
FN:102,CardTitle
FN:120,CardDescription
FN:134,CardContent
FN:148,CardFooter
FN:165,CardGrid
FN:189,(anonymous_19)
FN:216,FeatureCard
FN:265,StatsCard
FNF:11
FNH:0
FNDA:0,Card
FNDA:0,(anonymous_12)
FNDA:0,CardHeader
FNDA:0,CardTitle
FNDA:0,CardDescription
FNDA:0,CardContent
FNDA:0,CardFooter
FNDA:0,CardGrid
FNDA:0,(anonymous_19)
FNDA:0,FeatureCard
FNDA:0,StatsCard
DA:3,0
DA:4,0
DA:5,0
DA:18,0
DA:28,0
DA:30,0
DA:32,0
DA:39,0
DA:46,0
DA:52,0
DA:56,0
DA:65,0
DA:71,0
DA:72,0
DA:73,0
DA:87,0
DA:102,0
DA:120,0
DA:134,0
DA:148,0
DA:165,0
DA:172,0
DA:174,0
DA:181,0
DA:190,0
DA:191,0
DA:216,0
DA:223,0
DA:265,0
LF:29
LH:0
BRDA:21,0,0,0
BRDA:22,1,0,0
BRDA:23,2,0,0
BRDA:24,3,0,0
BRDA:26,4,0,0
BRDA:46,5,0,0
BRDA:46,5,1,0
BRDA:46,6,0,0
BRDA:46,6,1,0
BRDA:48,7,0,0
BRDA:48,7,1,0
BRDA:52,8,0,0
BRDA:52,8,1,0
BRDA:67,9,0,0
BRDA:67,9,1,0
BRDA:68,10,0,0
BRDA:68,10,1,0
BRDA:69,11,0,0
BRDA:69,11,1,0
BRDA:70,12,0,0
BRDA:70,12,1,0
BRDA:71,13,0,0
BRDA:71,14,0,0
BRDA:71,14,1,0
BRDA:105,15,0,0
BRDA:167,16,0,0
BRDA:168,17,0,0
BRDA:170,18,0,0
BRDA:190,19,0,0
BRDA:190,20,0,0
BRDA:190,20,1,0
BRDA:221,21,0,0
BRDA:280,22,0,0
BRDA:283,23,0,0
BRDA:283,23,1,0
BRDA:286,24,0,0
BRDA:286,24,1,0
BRDA:293,25,0,0
BRF:38
BRH:0
end_of_record
TN:
SF:src/components/ui/CreditBalance.tsx
FN:11,CreditBalance
FNF:1
FNH:0
FNDA:0,CreditBalance
DA:3,0
DA:11,0
DA:16,0
DA:18,0
DA:19,0
DA:22,0
DA:28,0
LF:7
LH:0
BRDA:12,0,0,0
BRDA:13,1,0,0
BRDA:14,2,0,0
BRDA:18,3,0,0
BRDA:42,4,0,0
BRDA:44,5,0,0
BRDA:44,5,1,0
BRF:7
BRH:0
end_of_record
TN:
SF:src/components/ui/CreditDisplay.tsx
FN:13,CreditDisplay
FN:26,(anonymous_2)
FN:28,(anonymous_3)
FN:35,(anonymous_4)
FN:39,(anonymous_5)
FNF:5
FNH:0
FNDA:0,CreditDisplay
FNDA:0,(anonymous_2)
FNDA:0,(anonymous_3)
FNDA:0,(anonymous_4)
FNDA:0,(anonymous_5)
DA:3,0
DA:4,0
DA:5,0
DA:6,0
DA:13,0
DA:14,0
DA:21,0
DA:23,0
DA:26,0
DA:27,0
DA:28,0
DA:29,0
DA:32,0
DA:33,0
DA:35,0
DA:39,0
DA:40,0
DA:42,0
DA:43,0
DA:44,0
DA:48,0
DA:49,0
LF:22
LH:0
BRDA:13,0,0,0
BRDA:13,1,0,0
BRDA:27,2,0,0
BRDA:40,3,0,0
BRDA:40,4,0,0
BRDA:40,4,1,0
BRDA:43,5,0,0
BRDA:48,6,0,0
BRDA:64,7,0,0
BRDA:67,8,0,0
BRDA:73,9,0,0
BRF:11
BRH:0
end_of_record
TN:
SF:src/components/ui/CreditHistory.tsx
FN:13,CreditHistory
FN:24,(anonymous_2)
FN:28,(anonymous_3)
FN:34,(anonymous_4)
FN:50,(anonymous_5)
FN:56,(anonymous_6)
FN:69,(anonymous_7)
FN:73,(anonymous_8)
FN:78,(anonymous_9)
FN:95,(anonymous_10)
FN:122,(anonymous_11)
FN:154,(anonymous_12)
FNF:12
FNH:0
FNDA:0,CreditHistory
FNDA:0,(anonymous_2)
FNDA:0,(anonymous_3)
FNDA:0,(anonymous_4)
FNDA:0,(anonymous_5)
FNDA:0,(anonymous_6)
FNDA:0,(anonymous_7)
FNDA:0,(anonymous_8)
FNDA:0,(anonymous_9)
FNDA:0,(anonymous_10)
FNDA:0,(anonymous_11)
FNDA:0,(anonymous_12)
DA:3,0
DA:4,0
DA:13,0
DA:18,0
DA:19,0
DA:20,0
DA:21,0
DA:22,0
DA:24,0
DA:25,0
DA:28,0
DA:29,0
DA:30,0
DA:31,0
DA:33,0
DA:34,0
DA:36,0
DA:39,0
DA:40,0
DA:41,0
DA:43,0
DA:44,0
DA:46,0
DA:50,0
DA:51,0
DA:52,0
DA:56,0
DA:57,0
DA:59,0
DA:60,0
DA:61,0
DA:62,0
DA:63,0
DA:64,0
DA:65,0
DA:69,0
DA:70,0
DA:73,0
DA:74,0
DA:75,0
DA:78,0
DA:79,0
DA:80,0
DA:88,0
DA:96,0
DA:112,0
DA:122,0
DA:132,0
DA:155,0
LF:49
LH:0
BRDA:14,0,0,0
BRDA:15,1,0,0
BRDA:16,2,0,0
BRDA:33,3,0,0
BRDA:33,3,1,0
BRDA:51,4,0,0
BRDA:51,5,0,0
BRDA:51,5,1,0
BRDA:51,5,2,0
BRDA:57,6,0,0
BRDA:59,7,0,0
BRDA:59,7,1,0
BRDA:59,7,2,0
BRDA:59,7,3,0
BRDA:59,7,4,0
BRDA:59,7,5,0
BRDA:70,8,0,0
BRDA:70,8,1,0
BRDA:74,9,0,0
BRDA:74,9,1,0
BRDA:79,10,0,0
BRDA:79,10,1,0
BRDA:88,11,0,0
BRDA:88,12,0,0
BRDA:88,12,1,0
BRDA:91,13,0,0
BRDA:112,14,0,0
BRDA:115,15,0,0
BRDA:132,16,0,0
BRDA:135,17,0,0
BRDA:149,18,0,0
BRDA:183,19,0,0
BRDA:190,20,0,0
BRDA:190,20,1,0
BRF:34
BRH:0
end_of_record
TN:
SF:src/components/ui/CreditManager.tsx
FN:16,CreditManager
FN:24,(anonymous_2)
FN:33,(anonymous_3)
FN:101,(anonymous_4)
FNF:4
FNH:0
FNDA:0,CreditManager
FNDA:0,(anonymous_2)
FNDA:0,(anonymous_3)
FNDA:0,(anonymous_4)
DA:3,0
DA:4,0
DA:5,0
DA:6,0
DA:7,0
DA:8,0
DA:16,0
DA:21,0
DA:22,0
DA:24,0
DA:25,0
DA:26,0
DA:27,0
DA:29,0
DA:33,0
DA:34,0
DA:37,0
DA:38,0
DA:101,0
LF:19
LH:0
BRDA:17,0,0,0
BRDA:18,1,0,0
BRDA:19,2,0,0
BRDA:25,3,0,0
BRDA:25,4,0,0
BRDA:25,4,1,0
BRDA:37,5,0,0
BRDA:94,6,0,0
BRDA:94,6,1,0
BRF:9
BRH:0
end_of_record
TN:
SF:src/components/ui/ErrorBoundary.tsx
FN:19,(anonymous_7)
FN:44,(anonymous_8)
FN:63,(anonymous_9)
FN:67,(anonymous_10)
FN:24,(anonymous_11)
FN:31,(anonymous_12)
FN:71,(anonymous_13)
FN:155,withErrorBoundary
FN:171,useErrorHandler
FN:172,(anonymous_17)
FNF:10
FNH:0
FNDA:0,(anonymous_7)
FNDA:0,(anonymous_8)
FNDA:0,(anonymous_9)
FNDA:0,(anonymous_10)
FNDA:0,(anonymous_11)
FNDA:0,(anonymous_12)
FNDA:0,(anonymous_13)
FNDA:0,withErrorBoundary
FNDA:0,useErrorHandler
FNDA:0,(anonymous_17)
DA:3,0
DA:4,0
DA:18,0
DA:20,0
DA:21,0
DA:25,0
DA:32,0
DA:38,0
DA:41,0
DA:46,0
DA:47,0
DA:48,0
DA:52,0
DA:54,0
DA:56,0
DA:58,0
DA:64,0
DA:68,0
DA:72,0
DA:74,0
DA:75,0
DA:150,0
DA:155,0
DA:165,0
DA:167,0
DA:171,0
DA:172,0
DA:174,0
LF:28
LH:0
BRDA:46,0,0,0
BRDA:52,1,0,0
BRDA:72,2,0,0
BRDA:74,3,0,0
BRDA:106,4,0,0
BRDA:106,4,1,0
BRDA:165,5,0,0
BRDA:165,5,1,0
BRF:8
BRH:0
end_of_record
TN:
SF:src/components/ui/ImageCropper.tsx
FN:21,ImageCropper
FN:46,(anonymous_2)
FN:48,(anonymous_3)
FN:87,(anonymous_4)
FN:101,(anonymous_5)
FN:109,(anonymous_6)
FN:159,(anonymous_7)
FN:171,(anonymous_8)
FN:202,(anonymous_9)
FN:261,(anonymous_10)
FN:264,(anonymous_11)
FN:274,(anonymous_12)
FNF:12
FNH:0
FNDA:0,ImageCropper
FNDA:0,(anonymous_2)
FNDA:0,(anonymous_3)
FNDA:0,(anonymous_4)
FNDA:0,(anonymous_5)
FNDA:0,(anonymous_6)
FNDA:0,(anonymous_7)
FNDA:0,(anonymous_8)
FNDA:0,(anonymous_9)
FNDA:0,(anonymous_10)
FNDA:0,(anonymous_11)
FNDA:0,(anonymous_12)
DA:3,0
DA:4,0
DA:21,0
DA:28,0
DA:29,0
DA:30,0
DA:32,0
DA:33,0
DA:34,0
DA:35,0
DA:36,0
DA:42,0
DA:43,0
DA:46,0
DA:47,0
DA:48,0
DA:49,0
DA:50,0
DA:52,0
DA:53,0
DA:54,0
DA:57,0
DA:58,0
DA:59,0
DA:61,0
DA:62,0
DA:63,0
DA:66,0
DA:67,0
DA:70,0
DA:71,0
DA:72,0
DA:74,0
DA:81,0
DA:84,0
DA:87,0
DA:88,0
DA:90,0
DA:91,0
DA:92,0
DA:93,0
DA:94,0
DA:97,0
DA:98,0
DA:99,0
DA:101,0
DA:102,0
DA:103,0
DA:105,0
DA:106,0
DA:107,0
DA:109,0
DA:114,0
DA:115,0
DA:117,0
DA:119,0
DA:120,0
DA:121,0
DA:122,0
DA:123,0
DA:125,0
DA:126,0
DA:127,0
DA:128,0
DA:130,0
DA:131,0
DA:132,0
DA:133,0
DA:135,0
DA:136,0
DA:137,0
DA:141,0
DA:142,0
DA:143,0
DA:145,0
DA:150,0
DA:151,0
DA:152,0
DA:153,0
DA:155,0
DA:159,0
DA:160,0
DA:161,0
DA:162,0
DA:163,0
DA:164,0
DA:167,0
DA:168,0
DA:171,0
DA:172,0
DA:173,0
DA:175,0
DA:177,0
DA:178,0
DA:181,0
DA:182,0
DA:185,0
DA:186,0
DA:189,0
DA:202,0
DA:203,0
DA:204,0
DA:205,0
DA:210,0
DA:261,0
DA:265,0
DA:275,0
DA:276,0
LF:108
LH:0
BRDA:26,0,0,0
BRDA:50,1,0,0
BRDA:61,2,0,0
BRDA:71,3,0,0
BRDA:71,3,1,0
BRDA:72,4,0,0
BRDA:72,4,1,0
BRDA:90,5,0,0
BRDA:90,5,1,0
BRDA:92,6,0,0
BRDA:92,7,0,0
BRDA:92,7,1,0
BRDA:105,8,0,0
BRDA:105,8,1,0
BRDA:114,9,0,0
BRDA:117,10,0,0
BRDA:117,10,1,0
BRDA:117,10,2,0
BRDA:117,10,3,0
BRDA:141,11,0,0
BRDA:142,12,0,0
BRDA:142,12,1,0
BRDA:142,13,0,0
BRDA:142,13,1,0
BRDA:175,14,0,0
BRDA:175,15,0,0
BRDA:175,15,1,0
BRDA:178,16,0,0
BRDA:203,17,0,0
BRDA:210,18,0,0
BRDA:269,19,0,0
BRDA:269,19,1,0
BRDA:270,20,0,0
BRDA:270,20,1,0
BRDA:271,21,0,0
BRDA:271,21,1,0
BRDA:272,22,0,0
BRDA:272,22,1,0
BRF:38
BRH:0
end_of_record
TN:
SF:src/components/ui/ImageUploader.tsx
FN:17,ImageUploader
FN:37,(anonymous_2)
FN:54,(anonymous_3)
FN:55,(anonymous_4)
FN:92,(anonymous_5)
FN:105,(anonymous_6)
FN:112,(anonymous_7)
FN:117,(anonymous_8)
FN:122,(anonymous_9)
FN:127,(anonymous_10)
FN:136,(anonymous_11)
FN:140,(anonymous_12)
FN:211,(anonymous_13)
FN:223,(anonymous_14)
FNF:14
FNH:0
FNDA:0,ImageUploader
FNDA:0,(anonymous_2)
FNDA:0,(anonymous_3)
FNDA:0,(anonymous_4)
FNDA:0,(anonymous_5)
FNDA:0,(anonymous_6)
FNDA:0,(anonymous_7)
FNDA:0,(anonymous_8)
FNDA:0,(anonymous_9)
FNDA:0,(anonymous_10)
FNDA:0,(anonymous_11)
FNDA:0,(anonymous_12)
FNDA:0,(anonymous_13)
FNDA:0,(anonymous_14)
DA:3,0
DA:4,0
DA:5,0
DA:6,0
DA:17,0
DA:25,0
DA:26,0
DA:27,0
DA:28,0
DA:29,0
DA:30,0
DA:31,0
DA:32,0
DA:33,0
DA:37,0
DA:38,0
DA:39,0
DA:40,0
DA:43,0
DA:44,0
DA:45,0
DA:46,0
DA:49,0
DA:50,0
DA:52,0
DA:54,0
DA:55,0
DA:58,0
DA:60,0
DA:61,0
DA:64,0
DA:65,0
DA:66,0
DA:68,0
DA:69,0
DA:71,0
DA:73,0
DA:75,0
DA:76,0
DA:77,0
DA:78,0
DA:79,0
DA:80,0
DA:83,0
DA:87,0
DA:90,0
DA:92,0
DA:93,0
DA:94,0
DA:95,0
DA:98,0
DA:99,0
DA:100,0
DA:101,0
DA:105,0
DA:106,0
DA:107,0
DA:108,0
DA:112,0
DA:113,0
DA:114,0
DA:117,0
DA:118,0
DA:119,0
DA:122,0
DA:123,0
DA:124,0
DA:126,0
DA:127,0
DA:129,0
DA:130,0
DA:132,0
DA:136,0
DA:137,0
DA:140,0
DA:141,0
DA:144,0
DA:212,0
DA:213,0
DA:224,0
DA:225,0
LF:81
LH:0
BRDA:20,0,0,0
BRDA:21,1,0,0
BRDA:22,2,0,0
BRDA:23,3,0,0
BRDA:38,4,0,0
BRDA:44,5,0,0
BRDA:64,6,0,0
BRDA:64,7,0,0
BRDA:64,7,1,0
BRDA:71,8,0,0
BRDA:107,9,0,0
BRDA:129,10,0,0
BRDA:129,10,1,0
BRDA:144,11,0,0
BRDA:152,12,0,0
BRDA:152,12,1,0
BRDA:161,13,0,0
BRDA:161,13,1,0
BRDA:175,14,0,0
BRDA:175,14,1,0
BRDA:202,15,0,0
BRDA:202,15,1,0
BRF:22
BRH:0
end_of_record
TN:
SF:src/components/ui/InsufficientCreditsModal.tsx
FN:15,InsufficientCreditsModal
FN:28,(anonymous_2)
FN:30,(anonymous_3)
FN:36,(anonymous_4)
FN:41,(anonymous_5)
FNF:5
FNH:0
FNDA:0,InsufficientCreditsModal
FNDA:0,(anonymous_2)
FNDA:0,(anonymous_3)
FNDA:0,(anonymous_4)
FNDA:0,(anonymous_5)
DA:3,0
DA:4,0
DA:5,0
DA:6,0
DA:15,0
DA:21,0
DA:22,0
DA:23,0
DA:26,0
DA:28,0
DA:29,0
DA:30,0
DA:31,0
DA:32,0
DA:36,0
DA:37,0
DA:38,0
DA:41,0
DA:42,0
DA:43,0
DA:46,0
DA:48,0
LF:22
LH:0
BRDA:26,0,0,0
BRDA:26,0,1,0
BRDA:46,1,0,0
BRDA:54,2,0,0
BRDA:54,2,1,0
BRF:5
BRH:0
end_of_record
TN:
SF:src/components/ui/LoadingState.tsx
FN:14,LoadingState
FN:47,(anonymous_12)
FN:84,(anonymous_15)
FN:108,TextSkeleton
FN:111,(anonymous_17)
FN:124,CardSkeleton
FN:139,ImageSkeleton
FN:164,ButtonSkeleton
FN:177,LoadingOverlay
FN:199,ProgressBar
FNF:10
FNH:0
FNDA:0,LoadingState
FNDA:0,(anonymous_12)
FNDA:0,(anonymous_15)
FNDA:0,TextSkeleton
FNDA:0,(anonymous_17)
FNDA:0,CardSkeleton
FNDA:0,ImageSkeleton
FNDA:0,ButtonSkeleton
FNDA:0,LoadingOverlay
FNDA:0,ProgressBar
DA:3,0
DA:4,0
DA:14,0
DA:21,0
DA:28,0
DA:48,0
DA:84,0
DA:85,0
DA:87,0
DA:89,0
DA:91,0
DA:93,0
DA:108,0
DA:112,0
DA:124,0
DA:139,0
DA:146,0
DA:164,0
DA:177,0
DA:199,0
DA:208,0
LF:21
LH:0
BRDA:15,0,0,0
BRDA:16,1,0,0
BRDA:19,2,0,0
BRDA:30,3,0,0
BRDA:30,3,1,0
BRDA:31,4,0,0
BRDA:31,4,1,0
BRDA:52,5,0,0
BRDA:52,5,1,0
BRDA:53,6,0,0
BRDA:53,6,1,0
BRDA:54,7,0,0
BRDA:54,7,1,0
BRDA:55,8,0,0
BRDA:55,8,1,0
BRDA:85,9,0,0
BRDA:85,9,1,0
BRDA:85,9,2,0
BRDA:85,9,3,0
BRDA:100,10,0,0
BRDA:108,11,0,0
BRDA:116,12,0,0
BRDA:116,12,1,0
BRDA:140,13,0,0
BRDA:189,14,0,0
BRDA:212,15,0,0
BRF:26
BRH:0
end_of_record
TN:
SF:src/components/ui/Modal.tsx
FN:21,Modal
FN:64,(anonymous_8)
FN:69,(anonymous_9)
FN:73,(anonymous_10)
FN:81,(anonymous_11)
FN:84,(anonymous_12)
FN:113,(anonymous_13)
FN:117,(anonymous_14)
FN:124,(anonymous_15)
FN:129,(anonymous_16)
FN:205,ConfirmModal
FN:270,useModalState
FN:273,(anonymous_19)
FN:274,(anonymous_20)
FN:275,(anonymous_21)
FN:275,(anonymous_22)
FNF:16
FNH:0
FNDA:0,Modal
FNDA:0,(anonymous_8)
FNDA:0,(anonymous_9)
FNDA:0,(anonymous_10)
FNDA:0,(anonymous_11)
FNDA:0,(anonymous_12)
FNDA:0,(anonymous_13)
FNDA:0,(anonymous_14)
FNDA:0,(anonymous_15)
FNDA:0,(anonymous_16)
FNDA:0,ConfirmModal
FNDA:0,useModalState
FNDA:0,(anonymous_19)
FNDA:0,(anonymous_20)
FNDA:0,(anonymous_21)
FNDA:0,(anonymous_22)
DA:3,0
DA:4,0
DA:5,0
DA:6,0
DA:21,0
DA:32,0
DA:33,0
DA:34,0
DA:37,0
DA:46,0
DA:53,0
DA:64,0
DA:65,0
DA:66,0
DA:69,0
DA:70,0
DA:73,0
DA:74,0
DA:76,0
DA:81,0
DA:82,0
DA:84,0
DA:85,0
DA:86,0
DA:90,0
DA:91,0
DA:95,0
DA:96,0
DA:98,0
DA:99,0
DA:100,0
DA:101,0
DA:104,0
DA:105,0
DA:106,0
DA:112,0
DA:113,0
DA:117,0
DA:118,0
DA:119,0
DA:121,0
DA:124,0
DA:125,0
DA:129,0
DA:130,0
DA:131,0
DA:135,0
DA:187,0
DA:205,0
DA:216,0
DA:231,0
DA:270,0
DA:271,0
DA:273,0
DA:274,0
DA:275,0
DA:277,0
LF:57
LH:0
BRDA:26,0,0,0
BRDA:27,1,0,0
BRDA:28,2,0,0
BRDA:29,3,0,0
BRDA:49,4,0,0
BRDA:49,4,1,0
BRDA:50,5,0,0
BRDA:50,5,1,0
BRDA:56,6,0,0
BRDA:56,6,1,0
BRDA:59,7,0,0
BRDA:59,7,1,0
BRDA:65,8,0,0
BRDA:65,8,1,0
BRDA:74,9,0,0
BRDA:82,10,0,0
BRDA:85,11,0,0
BRDA:85,12,0,0
BRDA:85,12,1,0
BRDA:90,13,0,0
BRDA:90,14,0,0
BRDA:90,14,1,0
BRDA:98,15,0,0
BRDA:98,15,1,0
BRDA:99,16,0,0
BRDA:104,17,0,0
BRDA:118,18,0,0
BRDA:118,18,1,0
BRDA:130,19,0,0
BRDA:130,20,0,0
BRDA:130,20,1,0
BRDA:135,21,0,0
BRDA:153,22,0,0
BRDA:187,23,0,0
BRDA:187,23,1,0
BRDA:211,24,0,0
BRDA:212,25,0,0
BRDA:213,26,0,0
BRDA:214,27,0,0
BRDA:261,28,0,0
BRDA:261,28,1,0
BRDA:270,29,0,0
BRF:42
BRH:0
end_of_record
TN:
SF:src/components/ui/OptimisticUI.tsx
FN:20,useOptimisticUpdate
FN:28,(anonymous_10)
FN:80,(anonymous_11)
FN:96,useOptimisticList
FN:99,(anonymous_13)
FN:104,(anonymous_14)
FN:105,(anonymous_15)
FN:107,(anonymous_16)
FN:111,(anonymous_17)
FN:111,(anonymous_18)
FN:115,(anonymous_19)
FN:121,(anonymous_20)
FN:122,(anonymous_21)
FN:125,(anonymous_22)
FN:127,(anonymous_23)
FN:131,(anonymous_24)
FN:135,(anonymous_25)
FN:139,(anonymous_26)
FN:142,(anonymous_27)
FN:142,(anonymous_28)
FN:143,(anonymous_29)
FN:145,(anonymous_30)
FN:147,(anonymous_31)
FN:168,OptimisticCounter
FN:176,(anonymous_33)
FN:178,(anonymous_34)
FN:180,(anonymous_35)
FN:184,(anonymous_36)
FN:186,(anonymous_37)
FN:188,(anonymous_38)
FN:229,OptimisticLikeButton
FN:240,(anonymous_40)
FN:244,(anonymous_41)
FN:248,(anonymous_42)
FN:249,(anonymous_43)
FN:300,OptimisticForm
FN:308,(anonymous_45)
FN:309,(anonymous_46)
FN:312,(anonymous_47)
FN:314,(anonymous_48)
FN:315,(anonymous_49)
FN:319,(anonymous_50)
FNF:42
FNH:0
FNDA:0,useOptimisticUpdate
FNDA:0,(anonymous_10)
FNDA:0,(anonymous_11)
FNDA:0,useOptimisticList
FNDA:0,(anonymous_13)
FNDA:0,(anonymous_14)
FNDA:0,(anonymous_15)
FNDA:0,(anonymous_16)
FNDA:0,(anonymous_17)
FNDA:0,(anonymous_18)
FNDA:0,(anonymous_19)
FNDA:0,(anonymous_20)
FNDA:0,(anonymous_21)
FNDA:0,(anonymous_22)
FNDA:0,(anonymous_23)
FNDA:0,(anonymous_24)
FNDA:0,(anonymous_25)
FNDA:0,(anonymous_26)
FNDA:0,(anonymous_27)
FNDA:0,(anonymous_28)
FNDA:0,(anonymous_29)
FNDA:0,(anonymous_30)
FNDA:0,(anonymous_31)
FNDA:0,OptimisticCounter
FNDA:0,(anonymous_33)
FNDA:0,(anonymous_34)
FNDA:0,(anonymous_35)
FNDA:0,(anonymous_36)
FNDA:0,(anonymous_37)
FNDA:0,(anonymous_38)
FNDA:0,OptimisticLikeButton
FNDA:0,(anonymous_40)
FNDA:0,(anonymous_41)
FNDA:0,(anonymous_42)
FNDA:0,(anonymous_43)
FNDA:0,OptimisticForm
FNDA:0,(anonymous_45)
FNDA:0,(anonymous_46)
FNDA:0,(anonymous_47)
FNDA:0,(anonymous_48)
FNDA:0,(anonymous_49)
FNDA:0,(anonymous_50)
DA:3,0
DA:4,0
DA:20,0
DA:21,0
DA:26,0
DA:28,0
DA:35,0
DA:38,0
DA:41,0
DA:42,0
DA:47,0
DA:49,0
DA:51,0
DA:54,0
DA:59,0
DA:60,0
DA:63,0
DA:67,0
DA:73,0
DA:74,0
DA:80,0
DA:81,0
DA:88,0
DA:96,0
DA:97,0
DA:99,0
DA:103,0
DA:104,0
DA:106,0
DA:107,0
DA:108,0
DA:111,0
DA:115,0
DA:120,0
DA:122,0
DA:123,0
DA:126,0
DA:127,0
DA:128,0
DA:131,0
DA:135,0
DA:139,0
DA:141,0
DA:142,0
DA:144,0
DA:145,0
DA:148,0
DA:152,0
DA:168,0
DA:174,0
DA:176,0
DA:177,0
DA:178,0
DA:180,0
DA:184,0
DA:185,0
DA:186,0
DA:188,0
DA:229,0
DA:235,0
DA:240,0
DA:241,0
DA:243,0
DA:244,0
DA:248,0
DA:249,0
DA:300,0
DA:305,0
DA:306,0
DA:308,0
DA:309,0
DA:312,0
DA:313,0
DA:314,0
DA:315,0
DA:319,0
DA:320,0
DA:321,0
LF:78
LH:0
BRDA:63,0,0,0
BRDA:63,0,1,0
BRDA:108,1,0,0
BRDA:108,1,1,0
BRDA:123,2,0,0
BRDA:123,2,1,0
BRDA:128,3,0,0
BRDA:128,3,1,0
BRDA:148,4,0,0
BRDA:148,4,1,0
BRDA:202,5,0,0
BRDA:202,5,1,0
BRDA:214,6,0,0
BRDA:246,7,0,0
BRDA:246,7,1,0
BRDA:251,8,0,0
BRDA:251,8,1,0
BRDA:261,9,0,0
BRDA:261,9,1,0
BRDA:268,10,0,0
BRDA:268,10,1,0
BRDA:270,11,0,0
BRDA:270,11,1,0
BRF:23
BRH:0
end_of_record
TN:
SF:src/components/ui/OptimizedImage.tsx
FN:23,OptimizedImage
FN:45,(anonymous_6)
FN:49,(anonymous_7)
FN:65,(anonymous_8)
FN:68,(anonymous_9)
FN:73,(anonymous_10)
FN:80,(anonymous_11)
FN:153,preloadImage
FN:166,(anonymous_13)
FN:191,(anonymous_14)
FN:193,(anonymous_15)
FNF:11
FNH:0
FNDA:0,OptimizedImage
FNDA:0,(anonymous_6)
FNDA:0,(anonymous_7)
FNDA:0,(anonymous_8)
FNDA:0,(anonymous_9)
FNDA:0,(anonymous_10)
FNDA:0,(anonymous_11)
FNDA:0,preloadImage
FNDA:0,(anonymous_13)
FNDA:0,(anonymous_14)
FNDA:0,(anonymous_15)
DA:3,0
DA:4,0
DA:23,0
DA:39,0
DA:40,0
DA:41,0
DA:42,0
DA:45,0
DA:46,0
DA:48,0
DA:50,0
DA:51,0
DA:52,0
DA:61,0
DA:62,0
DA:65,0
DA:68,0
DA:69,0
DA:70,0
DA:73,0
DA:74,0
DA:75,0
DA:76,0
DA:80,0
DA:81,0
DA:82,0
DA:83,0
DA:84,0
DA:85,0
DA:86,0
DA:87,0
DA:89,0
DA:92,0
DA:94,0
DA:153,0
DA:154,0
DA:156,0
DA:157,0
DA:158,0
DA:159,0
DA:160,0
DA:164,0
DA:175,0
DA:178,0
DA:179,0
DA:180,0
DA:181,0
DA:182,0
DA:183,0
DA:184,0
DA:187,0
DA:192,0
DA:193,0
LF:53
LH:0
BRDA:28,0,0,0
BRDA:29,1,0,0
BRDA:30,2,0,0
BRDA:33,3,0,0
BRDA:34,4,0,0
BRDA:35,5,0,0
BRDA:46,6,0,0
BRDA:46,7,0,0
BRDA:46,7,1,0
BRDA:50,8,0,0
BRDA:61,9,0,0
BRDA:85,10,0,0
BRDA:92,11,0,0
BRDA:92,11,1,0
BRDA:92,12,0,0
BRDA:92,12,1,0
BRDA:92,13,0,0
BRDA:92,13,1,0
BRDA:94,14,0,0
BRDA:120,15,0,0
BRDA:122,16,0,0
BRDA:131,17,0,0
BRDA:131,17,1,0
BRDA:132,18,0,0
BRDA:132,18,1,0
BRDA:143,19,0,0
BRDA:143,19,1,0
BRDA:153,20,0,0
BRDA:154,21,0,0
BRDA:157,22,0,0
BRDA:157,22,1,0
BRDA:168,23,0,0
BRDA:175,24,0,0
BRDA:175,25,0,0
BRDA:178,26,0,0
BRDA:180,27,0,0
BRDA:181,28,0,0
BRF:37
BRH:0
end_of_record
TN:
SF:src/components/ui/PaymentHistory.tsx
FN:14,PaymentHistory
FN:25,(anonymous_2)
FN:29,(anonymous_3)
FN:35,(anonymous_4)
FN:51,(anonymous_5)
FN:57,(anonymous_6)
FN:67,(anonymous_7)
FN:77,(anonymous_8)
FN:78,(anonymous_9)
FN:82,(anonymous_10)
FN:100,(anonymous_11)
FN:130,(anonymous_12)
FN:162,(anonymous_13)
FNF:13
FNH:0
FNDA:0,PaymentHistory
FNDA:0,(anonymous_2)
FNDA:0,(anonymous_3)
FNDA:0,(anonymous_4)
FNDA:0,(anonymous_5)
FNDA:0,(anonymous_6)
FNDA:0,(anonymous_7)
FNDA:0,(anonymous_8)
FNDA:0,(anonymous_9)
FNDA:0,(anonymous_10)
FNDA:0,(anonymous_11)
FNDA:0,(anonymous_12)
FNDA:0,(anonymous_13)
DA:3,0
DA:4,0
DA:6,0
DA:14,0
DA:19,0
DA:20,0
DA:21,0
DA:22,0
DA:23,0
DA:25,0
DA:26,0
DA:29,0
DA:30,0
DA:31,0
DA:32,0
DA:34,0
DA:35,0
DA:37,0
DA:40,0
DA:41,0
DA:42,0
DA:44,0
DA:45,0
DA:47,0
DA:51,0
DA:52,0
DA:53,0
DA:57,0
DA:58,0
DA:59,0
DA:60,0
DA:61,0
DA:62,0
DA:63,0
DA:67,0
DA:68,0
DA:69,0
DA:70,0
DA:71,0
DA:72,0
DA:73,0
DA:77,0
DA:78,0
DA:79,0
DA:82,0
DA:83,0
DA:84,0
DA:93,0
DA:101,0
DA:120,0
DA:130,0
DA:140,0
DA:163,0
DA:165,0
LF:54
LH:0
BRDA:15,0,0,0
BRDA:16,1,0,0
BRDA:17,2,0,0
BRDA:34,3,0,0
BRDA:34,3,1,0
BRDA:52,4,0,0
BRDA:52,5,0,0
BRDA:52,5,1,0
BRDA:52,5,2,0
BRDA:58,6,0,0
BRDA:58,6,1,0
BRDA:58,6,2,0
BRDA:58,6,3,0
BRDA:58,6,4,0
BRDA:68,7,0,0
BRDA:68,7,1,0
BRDA:68,7,2,0
BRDA:68,7,3,0
BRDA:68,7,4,0
BRDA:79,8,0,0
BRDA:79,8,1,0
BRDA:83,9,0,0
BRDA:83,9,1,0
BRDA:93,10,0,0
BRDA:93,11,0,0
BRDA:93,11,1,0
BRDA:96,12,0,0
BRDA:120,13,0,0
BRDA:123,14,0,0
BRDA:140,15,0,0
BRDA:143,16,0,0
BRDA:157,17,0,0
BRDA:196,18,0,0
BRDA:196,18,1,0
BRDA:205,19,0,0
BRDA:212,20,0,0
BRDA:212,20,1,0
BRF:37
BRH:0
end_of_record
TN:
SF:src/components/ui/PaymentModal.tsx
FN:29,PaymentForm
FN:36,(anonymous_2)
FN:38,(anonymous_3)
FN:44,(anonymous_4)
FN:53,(anonymous_5)
FN:184,PaymentModal
FN:189,(anonymous_7)
FN:191,(anonymous_8)
FN:199,(anonymous_9)
FN:201,(anonymous_10)
FN:206,(anonymous_11)
FNF:11
FNH:0
FNDA:0,PaymentForm
FNDA:0,(anonymous_2)
FNDA:0,(anonymous_3)
FNDA:0,(anonymous_4)
FNDA:0,(anonymous_5)
FNDA:0,PaymentModal
FNDA:0,(anonymous_7)
FNDA:0,(anonymous_8)
FNDA:0,(anonymous_9)
FNDA:0,(anonymous_10)
FNDA:0,(anonymous_11)
DA:3,0
DA:4,0
DA:10,0
DA:11,0
DA:12,0
DA:13,0
DA:15,0
DA:30,0
DA:31,0
DA:32,0
DA:33,0
DA:34,0
DA:36,0
DA:38,0
DA:39,0
DA:40,0
DA:44,0
DA:45,0
DA:46,0
DA:47,0
DA:49,0
DA:53,0
DA:54,0
DA:56,0
DA:57,0
DA:60,0
DA:62,0
DA:63,0
DA:64,0
DA:65,0
DA:66,0
DA:69,0
DA:70,0
DA:80,0
DA:81,0
DA:82,0
DA:83,0
DA:86,0
DA:88,0
DA:92,0
DA:184,0
DA:185,0
DA:186,0
DA:187,0
DA:189,0
DA:190,0
DA:191,0
DA:192,0
DA:193,0
DA:194,0
DA:195,0
DA:199,0
DA:200,0
DA:201,0
DA:202,0
DA:206,0
DA:207,0
DA:210,0
LF:58
LH:0
BRDA:39,0,0,0
BRDA:49,1,0,0
BRDA:49,1,1,0
BRDA:56,2,0,0
BRDA:56,3,0,0
BRDA:56,3,1,0
BRDA:56,3,2,0
BRDA:63,4,0,0
BRDA:74,5,0,0
BRDA:74,5,1,0
BRDA:75,6,0,0
BRDA:75,6,1,0
BRDA:80,7,0,0
BRDA:80,7,1,0
BRDA:81,8,0,0
BRDA:81,8,1,0
BRDA:82,9,0,0
BRDA:86,10,0,0
BRDA:86,10,1,0
BRDA:92,11,0,0
BRDA:109,12,0,0
BRDA:159,13,0,0
BRDA:159,13,1,0
BRDA:159,13,2,0
BRDA:163,14,0,0
BRDA:184,15,0,0
BRDA:210,16,0,0
BRDA:216,17,0,0
BRDA:216,17,1,0
BRDA:232,18,0,0
BRDA:254,19,0,0
BRF:31
BRH:0
end_of_record
TN:
SF:src/components/ui/PricingCards.tsx
FN:12,PricingCards
FN:16,(anonymous_2)
FN:25,(anonymous_3)
FN:30,(anonymous_4)
FN:31,(anonymous_5)
FN:41,(anonymous_6)
FN:119,(anonymous_7)
FN:137,(anonymous_8)
FNF:8
FNH:0
FNDA:0,PricingCards
FNDA:0,(anonymous_2)
FNDA:0,(anonymous_3)
FNDA:0,(anonymous_4)
FNDA:0,(anonymous_5)
FNDA:0,(anonymous_6)
FNDA:0,(anonymous_7)
FNDA:0,(anonymous_8)
DA:3,0
DA:4,0
DA:5,0
DA:12,0
DA:13,0
DA:14,0
DA:16,0
DA:17,0
DA:18,0
DA:19,0
DA:21,0
DA:25,0
DA:26,0
DA:27,0
DA:30,0
DA:31,0
DA:32,0
DA:36,0
DA:42,0
DA:43,0
DA:44,0
DA:45,0
DA:47,0
DA:119,0
DA:137,0
LF:25
LH:0
BRDA:12,0,0,0
BRDA:18,1,0,0
BRDA:18,1,1,0
BRDA:32,2,0,0
BRDA:32,2,1,0
BRDA:51,3,0,0
BRDA:51,3,1,0
BRDA:51,4,0,0
BRDA:51,4,1,0
BRDA:57,5,0,0
BRDA:57,5,1,0
BRDA:60,6,0,0
BRDA:60,6,1,0
BRDA:88,7,0,0
BRDA:121,8,0,0
BRDA:121,8,1,0
BRDA:121,9,0,0
BRDA:121,9,1,0
BRF:18
BRH:0
end_of_record
TN:
SF:src/components/ui/ShareButton.tsx
FN:15,ShareButton
FN:36,(anonymous_2)
FN:55,(anonymous_3)
FNF:3
FNH:0
FNDA:0,ShareButton
FNDA:0,(anonymous_2)
FNDA:0,(anonymous_3)
DA:3,0
DA:4,0
DA:15,0
DA:23,0
DA:25,0
DA:27,0
DA:36,0
DA:55,0
LF:8
LH:0
BRDA:19,0,0,0
BRDA:20,1,0,0
BRDA:40,2,0,0
BRDA:48,3,0,0
BRDA:48,3,1,0
BRF:5
BRH:0
end_of_record
TN:
SF:src/components/ui/SocialProof.tsx
FN:9,SocialProof
FN:13,(anonymous_2)
FN:16,(anonymous_3)
FN:18,(anonymous_4)
FN:28,(anonymous_5)
FNF:5
FNH:0
FNDA:0,SocialProof
FNDA:0,(anonymous_2)
FNDA:0,(anonymous_3)
FNDA:0,(anonymous_4)
FNDA:0,(anonymous_5)
DA:3,0
DA:9,0
DA:10,0
DA:11,0
DA:13,0
DA:16,0
DA:18,0
DA:21,0
DA:22,0
DA:25,0
DA:28,0
DA:29,0
DA:30,0
DA:32,0
DA:33,0
DA:35,0
LF:16
LH:0
BRDA:9,0,0,0
BRDA:29,1,0,0
BRDA:32,2,0,0
BRDA:48,3,0,0
BRDA:48,3,1,0
BRDA:60,4,0,0
BRDA:60,4,1,0
BRF:7
BRH:0
end_of_record
TN:
SF:src/components/ui/SocialShareModal.tsx
FN:17,SocialShareModal
FN:62,(anonymous_2)
FN:65,(anonymous_3)
FN:106,(anonymous_4)
FN:156,(anonymous_5)
FN:159,(anonymous_6)
FN:186,(anonymous_7)
FN:199,(anonymous_8)
FN:211,(anonymous_9)
FN:239,(anonymous_10)
FN:256,(anonymous_11)
FNF:11
FNH:4
FNDA:6,SocialShareModal
FNDA:1,(anonymous_2)
FNDA:0,(anonymous_3)
FNDA:0,(anonymous_4)
FNDA:4,(anonymous_5)
FNDA:0,(anonymous_6)
FNDA:3,(anonymous_7)
FNDA:0,(anonymous_8)
FNDA:0,(anonymous_9)
FNDA:0,(anonymous_10)
FNDA:0,(anonymous_11)
DA:3,1
DA:4,1
DA:5,1
DA:6,1
DA:7,1
DA:17,6
DA:24,6
DA:25,6
DA:26,6
DA:27,6
DA:29,6
DA:31,1
DA:62,1
DA:63,1
DA:65,1
DA:67,0
DA:69,0
DA:70,0
DA:71,0
DA:73,0
DA:74,0
DA:77,0
DA:78,0
DA:79,0
DA:81,0
DA:83,0
DA:85,0
DA:86,0
DA:88,0
DA:89,0
DA:92,0
DA:93,0
DA:94,0
DA:96,0
DA:98,0
DA:101,0
DA:102,0
DA:106,1
DA:107,0
DA:108,0
DA:109,0
DA:110,0
DA:111,0
DA:115,0
DA:117,0
DA:124,0
DA:125,0
DA:126,0
DA:127,0
DA:157,4
DA:159,0
DA:187,3
DA:199,0
DA:211,0
DA:239,0
DA:256,0
LF:56
LH:18
BRDA:29,0,0,5
BRDA:67,1,0,0
BRDA:67,1,1,0
BRDA:74,2,0,0
BRDA:74,2,1,0
BRDA:74,2,2,0
BRDA:74,2,3,0
BRDA:101,3,0,0
BRDA:109,4,0,0
BRDA:120,5,0,0
BRDA:120,5,1,0
BRDA:151,6,0,1
BRDA:161,7,0,1
BRDA:161,7,1,3
BRDA:248,8,0,0
BRDA:268,9,0,0
BRDA:268,9,1,0
BRF:17
BRH:4
end_of_record
TN:
SF:src/components/ui/SocialTaskModal.tsx
FN:15,SocialTaskModal
FN:29,(anonymous_2)
FN:69,(anonymous_3)
FN:127,(anonymous_4)
FN:131,(anonymous_5)
FN:150,(anonymous_6)
FN:175,(anonymous_7)
FNF:7
FNH:0
FNDA:0,SocialTaskModal
FNDA:0,(anonymous_2)
FNDA:0,(anonymous_3)
FNDA:0,(anonymous_4)
FNDA:0,(anonymous_5)
FNDA:0,(anonymous_6)
FNDA:0,(anonymous_7)
DA:3,0
DA:4,0
DA:5,0
DA:6,0
DA:7,0
DA:15,0
DA:16,0
DA:17,0
DA:18,0
DA:19,0
DA:20,0
DA:22,0
DA:29,0
DA:30,0
DA:32,0
DA:33,0
DA:34,0
DA:37,0
DA:38,0
DA:39,0
DA:43,0
DA:44,0
DA:45,0
DA:48,0
DA:49,0
DA:51,0
DA:52,0
DA:59,0
DA:60,0
DA:61,0
DA:63,0
DA:65,0
DA:69,0
DA:70,0
DA:71,0
DA:72,0
DA:73,0
DA:74,0
DA:77,0
DA:81,0
DA:128,0
DA:131,0
DA:151,0
DA:175,0
LF:44
LH:0
BRDA:32,0,0,0
BRDA:37,1,0,0
BRDA:43,2,0,0
BRDA:77,3,0,0
BRDA:77,3,1,0
BRDA:81,4,0,0
BRDA:104,5,0,0
BRDA:133,6,0,0
BRDA:133,6,1,0
BRDA:146,7,0,0
BRDA:177,8,0,0
BRDA:177,8,1,0
BRDA:183,9,0,0
BRDA:201,10,0,0
BRDA:201,10,1,0
BRDA:201,10,2,0
BRDA:204,11,0,0
BRDA:204,11,1,0
BRF:18
BRH:0
end_of_record
TN:
SF:src/components/ui/Toast.tsx
FN:29,useToast
FN:38,ToastProvider
FN:41,(anonymous_12)
FN:45,(anonymous_13)
FN:52,(anonymous_14)
FN:58,(anonymous_15)
FN:59,(anonymous_16)
FN:59,(anonymous_17)
FN:62,(anonymous_18)
FN:75,ToastContainer
FN:87,(anonymous_20)
FN:110,ToastItem
FN:150,(anonymous_22)
FN:152,(anonymous_23)
FN:153,(anonymous_24)
FN:156,(anonymous_25)
FN:161,(anonymous_26)
FN:240,useSuccessToast
FN:243,(anonymous_28)
FN:253,useErrorToast
FN:256,(anonymous_30)
FN:267,useWarningToast
FN:270,(anonymous_32)
FN:280,useInfoToast
FN:283,(anonymous_34)
FNF:25
FNH:0
FNDA:0,useToast
FNDA:0,ToastProvider
FNDA:0,(anonymous_12)
FNDA:0,(anonymous_13)
FNDA:0,(anonymous_14)
FNDA:0,(anonymous_15)
FNDA:0,(anonymous_16)
FNDA:0,(anonymous_17)
FNDA:0,(anonymous_18)
FNDA:0,ToastContainer
FNDA:0,(anonymous_20)
FNDA:0,ToastItem
FNDA:0,(anonymous_22)
FNDA:0,(anonymous_23)
FNDA:0,(anonymous_24)
FNDA:0,(anonymous_25)
FNDA:0,(anonymous_26)
FNDA:0,useSuccessToast
FNDA:0,(anonymous_28)
FNDA:0,useErrorToast
FNDA:0,(anonymous_30)
FNDA:0,useWarningToast
FNDA:0,(anonymous_32)
FNDA:0,useInfoToast
FNDA:0,(anonymous_34)
DA:3,0
DA:4,0
DA:5,0
DA:6,0
DA:27,0
DA:29,0
DA:30,0
DA:31,0
DA:32,0
DA:34,0
DA:38,0
DA:39,0
DA:41,0
DA:42,0
DA:43,0
DA:45,0
DA:48,0
DA:51,0
DA:52,0
DA:53,0
DA:58,0
DA:59,0
DA:62,0
DA:63,0
DA:76,0
DA:77,0
DA:79,0
DA:88,0
DA:98,0
DA:111,0
DA:112,0
DA:113,0
DA:116,0
DA:125,0
DA:148,0
DA:150,0
DA:152,0
DA:153,0
DA:156,0
DA:157,0
DA:158,0
DA:160,0
DA:161,0
DA:240,0
DA:241,0
DA:243,0
DA:244,0
DA:253,0
DA:254,0
DA:256,0
DA:257,0
DA:267,0
DA:268,0
DA:270,0
DA:271,0
DA:280,0
DA:281,0
DA:283,0
DA:284,0
LF:59
LH:0
BRDA:31,0,0,0
BRDA:51,1,0,0
BRDA:54,2,0,0
BRDA:54,2,1,0
BRDA:79,3,0,0
BRDA:98,4,0,0
BRDA:98,4,1,0
BRDA:116,5,0,0
BRDA:116,5,1,0
BRDA:117,6,0,0
BRDA:117,6,1,0
BRDA:119,7,0,0
BRDA:119,7,1,0
BRDA:157,8,0,0
BRDA:157,8,1,0
BRDA:173,9,0,0
BRDA:173,9,1,0
BRDA:195,10,0,0
BRDA:201,11,0,0
BRF:19
BRH:0
end_of_record
TN:
SF:src/components/ui/VideoGallery.tsx
FN:35,VideoGallery
FN:48,(anonymous_2)
FN:53,(anonymous_3)
FN:60,(anonymous_4)
FN:88,(anonymous_5)
FN:92,(anonymous_6)
FN:93,(anonymous_7)
FN:94,(anonymous_8)
FN:184,(anonymous_9)
FN:288,(anonymous_10)
FNF:10
FNH:0
FNDA:0,VideoGallery
FNDA:0,(anonymous_2)
FNDA:0,(anonymous_3)
FNDA:0,(anonymous_4)
FNDA:0,(anonymous_5)
FNDA:0,(anonymous_6)
FNDA:0,(anonymous_7)
FNDA:0,(anonymous_8)
FNDA:0,(anonymous_9)
FNDA:0,(anonymous_10)
DA:3,0
DA:4,0
DA:5,0
DA:6,0
DA:35,0
DA:45,0
DA:46,0
DA:48,0
DA:49,0
DA:50,0
DA:53,0
DA:54,0
DA:57,0
DA:61,0
DA:71,0
DA:89,0
DA:92,0
DA:93,0
DA:94,0
DA:185,0
DA:289,0
LF:21
LH:0
BRDA:37,0,0,0
BRDA:40,1,0,0
BRDA:41,2,0,0
BRDA:42,3,0,0
BRDA:43,4,0,0
BRDA:57,5,0,0
BRDA:57,6,0,0
BRDA:57,6,1,0
BRDA:71,7,0,0
BRDA:99,8,0,0
BRDA:101,9,0,0
BRDA:101,9,1,0
BRDA:114,10,0,0
BRDA:114,10,1,0
BRDA:124,11,0,0
BRDA:133,12,0,0
BRDA:145,13,0,0
BRDA:145,13,1,0
BRDA:148,14,0,0
BRDA:148,14,1,0
BRDA:157,15,0,0
BRDA:159,16,0,0
BRDA:169,17,0,0
BRDA:182,18,0,0
BRDA:182,18,1,0
BRDA:192,19,0,0
BRDA:205,20,0,0
BRDA:212,21,0,0
BRDA:212,21,1,0
BRDA:218,22,0,0
BRDA:225,23,0,0
BRDA:225,23,1,0
BRDA:242,24,0,0
BRDA:242,24,1,0
BRDA:248,25,0,0
BRDA:248,25,1,0
BRDA:261,26,0,0
BRDA:263,27,0,0
BRDA:268,28,0,0
BRDA:278,29,0,0
BRDA:278,29,1,0
BRDA:284,30,0,0
BRDA:284,30,1,0
BRF:43
BRH:0
end_of_record
TN:
SF:src/components/ui/VideoPlayer.tsx
FN:17,VideoPlayer
FN:36,(anonymous_2)
FN:40,(anonymous_3)
FN:41,(anonymous_4)
FN:42,(anonymous_5)
FN:43,(anonymous_6)
FN:44,(anonymous_7)
FN:52,(anonymous_8)
FN:61,(anonymous_9)
FN:72,(anonymous_10)
FN:81,(anonymous_11)
FN:90,(anonymous_12)
FN:106,(anonymous_13)
FN:115,(anonymous_14)
FN:116,(anonymous_15)
FN:192,(anonymous_16)
FN:247,(anonymous_17)
FNF:17
FNH:6
FNDA:6,VideoPlayer
FNDA:5,(anonymous_2)
FNDA:0,(anonymous_3)
FNDA:0,(anonymous_4)
FNDA:0,(anonymous_5)
FNDA:0,(anonymous_6)
FNDA:0,(anonymous_7)
FNDA:5,(anonymous_8)
FNDA:1,(anonymous_9)
FNDA:0,(anonymous_10)
FNDA:0,(anonymous_11)
FNDA:0,(anonymous_12)
FNDA:12,(anonymous_13)
FNDA:0,(anonymous_14)
FNDA:0,(anonymous_15)
FNDA:1,(anonymous_16)
FNDA:0,(anonymous_17)
DA:3,1
DA:4,1
DA:17,5
DA:27,6
DA:28,6
DA:29,6
DA:30,6
DA:31,6
DA:32,6
DA:33,6
DA:34,6
DA:36,6
DA:37,5
DA:38,5
DA:40,5
DA:41,5
DA:42,5
DA:43,5
DA:44,5
DA:46,5
DA:47,5
DA:48,5
DA:49,5
DA:50,5
DA:52,5
DA:53,5
DA:54,5
DA:55,5
DA:56,5
DA:57,5
DA:61,6
DA:62,1
DA:63,1
DA:65,1
DA:66,0
DA:68,1
DA:72,6
DA:73,0
DA:74,0
DA:76,0
DA:77,0
DA:78,0
DA:81,6
DA:82,0
DA:83,0
DA:85,0
DA:86,0
DA:87,0
DA:90,6
DA:91,0
DA:92,0
DA:94,0
DA:95,0
DA:96,0
DA:99,0
DA:100,0
DA:103,0
DA:106,6
DA:107,12
DA:108,12
DA:109,12
DA:115,0
DA:116,0
DA:193,1
DA:194,1
DA:247,0
LF:66
LH:44
BRDA:21,0,0,6
BRDA:22,1,0,6
BRDA:23,2,0,6
BRDA:38,3,0,0
BRDA:63,4,0,0
BRDA:65,5,0,0
BRDA:65,5,1,1
BRDA:74,6,0,0
BRDA:83,7,0,0
BRDA:92,8,0,0
BRDA:94,9,0,0
BRDA:94,9,1,0
BRDA:95,10,0,0
BRDA:99,11,0,0
BRDA:131,12,0,6
BRDA:134,13,0,6
BRDA:134,13,1,0
BRDA:143,14,0,0
BRDA:143,14,1,6
BRDA:157,15,0,0
BRDA:190,16,0,6
BRDA:207,17,0,6
BRDA:236,18,0,6
BRF:23
BRH:10
end_of_record
TN:
SF:src/components/ui/index.ts
FNF:0
FNH:0
DA:2,0
DA:3,0
DA:4,0
DA:5,0
DA:6,0
DA:9,0
DA:10,0
DA:11,0
DA:12,0
DA:15,0
DA:16,0
DA:19,0
DA:20,0
DA:21,0
DA:22,0
DA:23,0
DA:24,0
DA:27,0
LF:18
LH:0
BRF:0
BRH:0
end_of_record
TN:
SF:src/components/ui/__tests__/CreditDisplay.test.tsx
FN:9,(anonymous_1)
FN:10,(anonymous_2)
FN:15,(anonymous_3)
FNF:3
FNH:0
FNDA:0,(anonymous_1)
FNDA:0,(anonymous_2)
FNDA:0,(anonymous_3)
DA:1,0
DA:2,0
DA:9,0
DA:10,0
DA:12,0
DA:15,0
DA:17,0
LF:7
LH:0
BRF:0
BRH:0
end_of_record
TN:
SF:src/components/ui/__tests__/ImageUploader.test.tsx
FN:5,(anonymous_0)
FN:6,(anonymous_1)
FN:17,(anonymous_2)
FN:21,(anonymous_3)
FN:25,(anonymous_4)
FN:38,(anonymous_5)
FN:51,(anonymous_6)
FN:56,(anonymous_7)
FN:69,(anonymous_8)
FN:75,(anonymous_9)
FN:93,(anonymous_10)
FN:99,(anonymous_11)
FN:119,(anonymous_12)
FN:124,(anonymous_13)
FN:136,(anonymous_14)
FN:140,(anonymous_15)
FN:146,(anonymous_16)
FN:157,(anonymous_17)
FN:162,(anonymous_18)
FN:173,(anonymous_19)
FN:187,(anonymous_20)
FNF:21
FNH:0
FNDA:0,(anonymous_0)
FNDA:0,(anonymous_1)
FNDA:0,(anonymous_2)
FNDA:0,(anonymous_3)
FNDA:0,(anonymous_4)
FNDA:0,(anonymous_5)
FNDA:0,(anonymous_6)
FNDA:0,(anonymous_7)
FNDA:0,(anonymous_8)
FNDA:0,(anonymous_9)
FNDA:0,(anonymous_10)
FNDA:0,(anonymous_11)
FNDA:0,(anonymous_12)
FNDA:0,(anonymous_13)
FNDA:0,(anonymous_14)
FNDA:0,(anonymous_15)
FNDA:0,(anonymous_16)
FNDA:0,(anonymous_17)
FNDA:0,(anonymous_18)
FNDA:0,(anonymous_19)
FNDA:0,(anonymous_20)
DA:1,0
DA:2,0
DA:5,0
DA:7,0
DA:8,0
DA:10,0
DA:11,0
DA:13,0
DA:17,0
DA:18,0
DA:19,0
DA:21,0
DA:22,0
DA:25,0
DA:33,0
DA:34,0
DA:35,0
DA:38,0
DA:46,0
DA:47,0
DA:49,0
DA:51,0
DA:52,0
DA:56,0
DA:64,0
DA:65,0
DA:67,0
DA:69,0
DA:70,0
DA:71,0
DA:75,0
DA:84,0
DA:87,0
DA:89,0
DA:91,0
DA:93,0
DA:94,0
DA:95,0
DA:99,0
DA:107,0
DA:108,0
DA:110,0
DA:111,0
DA:113,0
DA:119,0
DA:120,0
DA:124,0
DA:132,0
DA:133,0
DA:136,0
DA:138,0
DA:140,0
DA:141,0
DA:142,0
DA:146,0
DA:154,0
DA:155,0
DA:157,0
DA:158,0
DA:160,0
DA:162,0
DA:163,0
DA:166,0
DA:167,0
DA:169,0
DA:170,0
DA:173,0
DA:181,0
DA:182,0
DA:183,0
DA:185,0
DA:187,0
DA:188,0
DA:189,0
LF:74
LH:0
BRDA:7,0,0,0
BRDA:10,1,0,0
BRF:2
BRH:0
end_of_record
TN:
SF:src/contexts/AuthContext.tsx
FN:40,useAuth
FN:48,AuthProvider
FN:54,(anonymous_8)
FN:68,(anonymous_9)
FN:99,(anonymous_10)
FN:111,(anonymous_11)
FN:121,(anonymous_12)
FN:138,(anonymous_13)
FN:166,(anonymous_14)
FN:177,(anonymous_15)
FN:186,(anonymous_16)
FN:200,(anonymous_17)
FN:207,(anonymous_18)
FN:222,(anonymous_19)
FN:230,(anonymous_20)
FN:231,(anonymous_21)
FNF:16
FNH:0
FNDA:0,useAuth
FNDA:0,AuthProvider
FNDA:0,(anonymous_8)
FNDA:0,(anonymous_9)
FNDA:0,(anonymous_10)
FNDA:0,(anonymous_11)
FNDA:0,(anonymous_12)
FNDA:0,(anonymous_13)
FNDA:0,(anonymous_14)
FNDA:0,(anonymous_15)
FNDA:0,(anonymous_16)
FNDA:0,(anonymous_17)
FNDA:0,(anonymous_18)
FNDA:0,(anonymous_19)
FNDA:0,(anonymous_20)
FNDA:0,(anonymous_21)
DA:3,0
DA:15,0
DA:16,0
DA:17,0
DA:19,0
DA:20,0
DA:21,0
DA:38,0
DA:40,0
DA:41,0
DA:42,0
DA:43,0
DA:45,0
DA:48,0
DA:49,0
DA:50,0
DA:51,0
DA:54,0
DA:55,0
DA:56,0
DA:57,0
DA:58,0
DA:60,0
DA:62,0
DA:63,0
DA:68,0
DA:73,0
DA:85,0
DA:88,0
DA:97,0
DA:98,0
DA:99,0
DA:100,0
DA:102,0
DA:107,0
DA:111,0
DA:112,0
DA:113,0
DA:114,0
DA:116,0
DA:121,0
DA:122,0
DA:123,0
DA:126,0
DA:129,0
DA:130,0
DA:131,0
DA:133,0
DA:138,0
DA:139,0
DA:140,0
DA:141,0
DA:142,0
DA:144,0
DA:147,0
DA:149,0
DA:151,0
DA:158,0
DA:159,0
DA:161,0
DA:166,0
DA:167,0
DA:168,0
DA:169,0
DA:170,0
DA:172,0
DA:177,0
DA:178,0
DA:179,0
DA:181,0
DA:186,0
DA:187,0
DA:189,0
DA:191,0
DA:194,0
DA:200,0
DA:202,0
DA:207,0
DA:208,0
DA:210,0
DA:212,0
DA:215,0
DA:217,0
DA:222,0
DA:223,0
DA:225,0
DA:226,0
DA:230,0
DA:231,0
DA:232,0
DA:234,0
DA:235,0
DA:236,0
DA:237,0
DA:239,0
DA:240,0
DA:243,0
DA:246,0
DA:249,0
LF:99
LH:0
BRDA:42,0,0,0
BRDA:57,1,0,0
BRDA:75,2,0,0
BRDA:75,2,1,0
BRDA:75,2,2,0
BRDA:97,3,0,0
BRDA:149,4,0,0
BRDA:153,5,0,0
BRDA:153,5,1,0
BRDA:187,6,0,0
BRDA:187,7,0,0
BRDA:187,7,1,0
BRDA:200,8,0,0
BRDA:200,8,1,0
BRDA:208,9,0,0
BRDA:223,10,0,0
BRDA:234,11,0,0
BRDA:234,11,1,0
BRF:18
BRH:0
end_of_record
TN:
SF:src/contexts/UserContext.tsx
FN:28,useUser
FN:36,UserProvider
[...]
BRDA:110,6,1,0
BRDA:111,7,0,0
BRDA:111,7,1,0
BRDA:130,8,0,0
BRDA:159,9,0,0
BRDA:159,9,1,0
BRDA:159,10,0,0
BRDA:159,10,1,0
BRDA:180,11,0,0
BRDA:226,12,0,0
BRDA:226,12,1,0
BRDA:227,13,0,0
BRDA:227,13,1,0
BRDA:228,14,0,0
BRDA:228,14,1,0
BRDA:247,15,0,0
BRDA:272,16,0,0
BRDA:272,16,1,0
BRF:28
BRH:0
end_of_record
TN:
SF:src/services/contentModerationService.ts
FN:26,(anonymous_3)
FN:28,(anonymous_4)
FN:62,(anonymous_6)
FN:66,(anonymous_7)
FN:141,(anonymous_8)
FN:147,(anonymous_9)
FN:178,(anonymous_10)
FN:199,(anonymous_11)
FN:206,(anonymous_12)
FN:213,(anonymous_13)
FN:220,(anonymous_14)
FN:224,(anonymous_15)
FN:227,(anonymous_16)
FN:236,(anonymous_17)
FN:237,(anonymous_18)
FN:238,(anonymous_19)
FN:239,(anonymous_20)
FN:249,(anonymous_21)
FN:252,(anonymous_22)
FN:258,(anonymous_23)
FN:259,(anonymous_24)
FN:260,(anonymous_25)
FN:279,(anonymous_26)
FN:290,(anonymous_27)
FN:294,(anonymous_28)
FN:298,(anonymous_29)
FN:308,(anonymous_30)
FNF:27
FNH:0
FNDA:0,(anonymous_3)
FNDA:0,(anonymous_4)
FNDA:0,(anonymous_6)
FNDA:0,(anonymous_7)
FNDA:0,(anonymous_8)
FNDA:0,(anonymous_9)
FNDA:0,(anonymous_10)
FNDA:0,(anonymous_11)
FNDA:0,(anonymous_12)
FNDA:0,(anonymous_13)
FNDA:0,(anonymous_14)
FNDA:0,(anonymous_15)
FNDA:0,(anonymous_16)
FNDA:0,(anonymous_17)
FNDA:0,(anonymous_18)
FNDA:0,(anonymous_19)
FNDA:0,(anonymous_20)
FNDA:0,(anonymous_21)
FNDA:0,(anonymous_22)
FNDA:0,(anonymous_23)
FNDA:0,(anonymous_24)
FNDA:0,(anonymous_25)
FNDA:0,(anonymous_26)
FNDA:0,(anonymous_27)
FNDA:0,(anonymous_28)
FNDA:0,(anonymous_29)
FNDA:0,(anonymous_30)
DA:24,0
DA:28,0
DA:31,0
DA:34,0
DA:37,0
DA:45,0
DA:59,0
DA:63,0
DA:67,0
DA:69,0
DA:84,0
DA:85,0
DA:87,0
DA:88,0
DA:92,0
DA:93,0
DA:94,0
DA:96,0
DA:97,0
DA:99,0
DA:100,0
DA:101,0
DA:103,0
DA:104,0
DA:105,0
DA:107,0
DA:108,0
DA:109,0
DA:112,0
DA:119,0
DA:121,0
DA:136,0
DA:142,0
DA:143,0
DA:144,0
DA:148,0
DA:151,0
DA:153,0
DA:160,0
DA:161,0
DA:174,0
DA:175,0
DA:176,0
DA:180,0
DA:183,0
DA:184,0
DA:185,0
DA:188,0
DA:189,0
DA:190,0
DA:191,0
DA:192,0
DA:200,0
DA:207,0
DA:214,0
DA:215,0
DA:218,0
DA:219,0
DA:220,0
DA:223,0
DA:225,0
DA:227,0
DA:229,0
DA:230,0
DA:234,0
DA:236,0
DA:237,0
DA:238,0
DA:239,0
DA:241,0
DA:249,0
DA:251,0
DA:252,0
DA:253,0
DA:255,0
DA:258,0
DA:259,0
DA:260,0
DA:262,0
DA:271,0
DA:272,0
DA:280,0
DA:281,0
DA:284,0
DA:286,0
DA:287,0
DA:290,0
DA:291,0
DA:294,0
DA:295,0
DA:298,0
DA:299,0
DA:302,0
DA:309,0
DA:314,0
LF:95
LH:0
BRDA:34,0,0,0
BRDA:34,1,0,0
BRDA:34,1,1,0
BRDA:34,1,2,0
BRDA:87,2,0,0
BRDA:92,3,0,0
BRDA:92,3,1,0
BRDA:93,4,0,0
BRDA:93,4,1,0
BRDA:94,5,0,0
BRDA:94,5,1,0
BRDA:99,6,0,0
BRDA:103,7,0,0
BRDA:107,8,0,0
BRDA:113,9,0,0
BRDA:113,9,1,0
BRDA:113,9,2,0
BRDA:184,10,0,0
BRDA:191,11,0,0
BRDA:191,12,0,0
BRDA:191,12,1,0
BRDA:191,12,2,0
BRDA:214,13,0,0
BRDA:229,14,0,0
BRDA:234,15,0,0
BRDA:234,15,1,0
BRDA:238,16,0,0
BRDA:238,16,1,0
BRDA:239,17,0,0
BRDA:239,17,1,0
BRDA:251,18,0,0
BRDA:251,18,1,0
BRDA:253,19,0,0
BRDA:253,19,1,0
BRDA:259,20,0,0
BRDA:259,20,1,0
BRDA:260,21,0,0
BRDA:260,21,1,0
BRDA:272,22,0,0
BRDA:272,22,1,0
BRDA:280,23,0,0
BRDA:284,24,0,0
BRDA:284,24,1,0
BRDA:286,25,0,0
BRDA:290,26,0,0
BRDA:294,27,0,0
BRDA:298,28,0,0
BRF:47
BRH:0
end_of_record
TN:
SF:src/services/creditService.ts
FN:33,(anonymous_1)
FN:48,(anonymous_2)
FN:59,(anonymous_3)
FN:71,(anonymous_4)
FN:93,(anonymous_5)
FN:117,(anonymous_6)
FNF:6
FNH:0
FNDA:0,(anonymous_1)
FNDA:0,(anonymous_2)
FNDA:0,(anonymous_3)
FNDA:0,(anonymous_4)
FNDA:0,(anonymous_5)
FNDA:0,(anonymous_6)
DA:1,0
DA:2,0
DA:6,0
DA:7,0
DA:8,0
DA:9,0
DA:29,0
DA:34,0
DA:35,0
DA:38,0
DA:39,0
DA:40,0
DA:42,0
DA:49,0
DA:50,0
DA:53,0
DA:60,0
DA:61,0
DA:62,0
DA:64,0
DA:77,0
DA:78,0
DA:84,0
DA:86,0
DA:100,0
DA:101,0
DA:108,0
DA:110,0
DA:121,0
DA:122,0
DA:126,0
DA:128,0
LF:32
LH:0
BRDA:34,0,0,0
BRDA:49,1,0,0
BRDA:64,2,0,0
BRDA:64,2,1,0
BRDA:86,3,0,0
BRDA:86,3,1,0
BRDA:97,4,0,0
BRDA:110,5,0,0
BRDA:110,5,1,0
BRDA:118,6,0,0
BRDA:128,7,0,0
BRDA:128,7,1,0
BRF:12
BRH:0
end_of_record
TN:
SF:src/services/funnelTrackingService.ts
FN:26,(anonymous_1)
FN:60,(anonymous_2)
FN:72,(anonymous_3)
FN:85,(anonymous_4)
FN:96,(anonymous_5)
FN:110,(anonymous_6)
FN:115,(anonymous_7)
FN:128,(anonymous_8)
FN:143,(anonymous_9)
FN:154,(anonymous_10)
FN:167,(anonymous_11)
FNF:11
FNH:0
FNDA:0,(anonymous_1)
FNDA:0,(anonymous_2)
FNDA:0,(anonymous_3)
FNDA:0,(anonymous_4)
FNDA:0,(anonymous_5)
FNDA:0,(anonymous_6)
FNDA:0,(anonymous_7)
FNDA:0,(anonymous_8)
FNDA:0,(anonymous_9)
FNDA:0,(anonymous_10)
FNDA:0,(anonymous_11)
DA:1,0
DA:6,0
DA:7,0
DA:21,0
DA:27,0
DA:28,0
DA:31,0
DA:37,0
DA:38,0
DA:40,0
DA:41,0
DA:42,0
DA:43,0
DA:44,0
DA:48,0
DA:61,0
DA:73,0
DA:86,0
DA:97,0
DA:99,0
DA:100,0
DA:101,0
DA:102,0
DA:104,0
DA:111,0
DA:115,0
DA:116,0
DA:117,0
DA:118,0
DA:122,0
DA:129,0
DA:131,0
DA:144,0
DA:145,0
DA:146,0
DA:147,0
DA:148,0
DA:155,0
DA:168,0
DA:170,0
DA:171,0
DA:172,0
LF:42
LH:0
BRDA:40,0,0,0
BRDA:43,1,0,0
BRDA:97,2,0,0
BRDA:100,3,0,0
BRDA:117,4,0,0
BRDA:135,5,0,0
BRDA:135,5,1,0
BRDA:144,6,0,0
BRDA:145,7,0,0
BRDA:146,8,0,0
BRDA:147,9,0,0
BRDA:170,10,0,0
BRDA:170,11,0,0
BRDA:170,11,1,0
BRDA:171,12,0,0
BRDA:171,13,0,0
BRDA:171,13,1,0
BRF:17
BRH:0
end_of_record
TN:
SF:src/services/galleryService.ts
FN:31,(anonymous_1)
FN:67,(anonymous_2)
FN:79,(anonymous_3)
FN:94,(anonymous_4)
FN:125,(anonymous_5)
FN:145,(anonymous_6)
FN:152,(anonymous_7)
FN:159,(anonymous_8)
FN:173,(anonymous_9)
FN:185,(anonymous_10)
FNF:10
FNH:0
FNDA:0,(anonymous_1)
FNDA:0,(anonymous_2)
FNDA:0,(anonymous_3)
FNDA:0,(anonymous_4)
FNDA:0,(anonymous_5)
FNDA:0,(anonymous_6)
FNDA:0,(anonymous_7)
FNDA:0,(anonymous_8)
FNDA:0,(anonymous_9)
FNDA:0,(anonymous_10)
DA:27,0
DA:37,0
DA:38,0
DA:43,0
DA:44,0
DA:47,0
DA:48,0
DA:51,0
DA:52,0
DA:54,0
DA:55,0
DA:58,0
DA:60,0
DA:68,0
DA:69,0
DA:70,0
DA:72,0
DA:82,0
DA:99,0
DA:100,0
DA:105,0
DA:106,0
DA:109,0
DA:110,0
DA:112,0
DA:113,0
DA:116,0
DA:118,0
DA:128,0
DA:146,0
DA:153,0
DA:160,0
DA:167,0
DA:174,0
DA:179,0
DA:186,0
DA:193,0
LF:37
LH:0
BRDA:32,0,0,0
BRDA:34,1,0,0
BRDA:35,2,0,0
BRDA:43,3,0,0
BRDA:47,4,0,0
BRDA:54,5,0,0
BRDA:55,6,0,0
BRDA:55,6,1,0
BRDA:60,7,0,0
BRDA:60,7,1,0
BRDA:67,8,0,0
BRDA:72,9,0,0
BRDA:72,9,1,0
BRDA:96,10,0,0
BRDA:105,11,0,0
BRDA:112,12,0,0
BRDA:113,13,0,0
BRDA:113,13,1,0
BRDA:118,14,0,0
BRDA:118,14,1,0
BRDA:125,15,0,0
BRF:21
BRH:0
end_of_record
TN:
SF:src/services/hashtagTrackingService.ts
FN:40,(anonymous_1)
FN:54,(anonymous_2)
FN:59,(anonymous_3)
FN:64,(anonymous_4)
FN:70,(anonymous_5)
FN:75,(anonymous_6)
FN:94,(anonymous_7)
FN:117,(anonymous_8)
FN:144,(anonymous_9)
FN:164,(anonymous_10)
FNF:10
FNH:0
FNDA:0,(anonymous_1)
FNDA:0,(anonymous_2)
FNDA:0,(anonymous_3)
FNDA:0,(anonymous_4)
FNDA:0,(anonymous_5)
FNDA:0,(anonymous_6)
FNDA:0,(anonymous_7)
FNDA:0,(anonymous_8)
FNDA:0,(anonymous_9)
FNDA:0,(anonymous_10)
DA:32,0
DA:33,0
DA:45,0
DA:48,0
DA:57,0
DA:59,0
DA:60,0
DA:61,0
DA:64,0
DA:70,0
DA:71,0
DA:74,0
DA:76,0
DA:77,0
DA:78,0
DA:82,0
DA:102,0
DA:106,0
DA:107,0
DA:115,0
DA:116,0
DA:117,0
DA:119,0
DA:120,0
DA:128,0
DA:133,0
DA:145,0
DA:147,0
DA:149,0
DA:151,0
DA:153,0
DA:155,0
DA:157,0
DA:169,0
DA:170,0
DA:172,0
DA:179,0
LF:37
LH:0
BRDA:41,0,0,0
BRDA:42,1,0,0
BRDA:55,2,0,0
BRDA:60,3,0,0
BRDA:60,3,1,0
BRDA:67,4,0,0
BRDA:67,4,1,0
BRDA:96,5,0,0
BRDA:106,6,0,0
BRDA:119,7,0,0
BRDA:147,8,0,0
BRDA:147,8,1,0
BRDA:147,8,2,0
BRDA:147,8,3,0
BRDA:147,8,4,0
BRF:15
BRH:0
end_of_record
TN:
SF:src/services/imageService.ts
FN:18,(anonymous_1)
FN:67,(anonymous_2)
FN:111,(anonymous_3)
FN:123,(anonymous_4)
FN:130,(anonymous_5)
FN:153,(anonymous_6)
FN:154,(anonymous_7)
FN:156,(anonymous_8)
FN:159,(anonymous_9)
FN:169,(anonymous_10)
FN:175,(anonymous_11)
FN:180,(anonymous_12)
FN:201,(anonymous_13)
FN:217,(anonymous_14)
FNF:14
FNH:0
FNDA:0,(anonymous_1)
FNDA:0,(anonymous_2)
FNDA:0,(anonymous_3)
FNDA:0,(anonymous_4)
FNDA:0,(anonymous_5)
FNDA:0,(anonymous_6)
FNDA:0,(anonymous_7)
FNDA:0,(anonymous_8)
FNDA:0,(anonymous_9)
FNDA:0,(anonymous_10)
FNDA:0,(anonymous_11)
FNDA:0,(anonymous_12)
FNDA:0,(anonymous_13)
FNDA:0,(anonymous_14)
DA:1,0
DA:2,0
DA:3,0
DA:4,0
DA:14,0
DA:24,0
DA:25,0
DA:26,0
DA:27,0
DA:28,0
DA:30,0
DA:31,0
DA:33,0
DA:41,0
DA:42,0
DA:43,0
DA:44,0
DA:47,0
DA:48,0
DA:49,0
DA:53,0
DA:54,0
DA:58,0
DA:60,0
DA:72,0
DA:74,0
DA:77,0
DA:78,0
DA:89,0
DA:91,0
DA:92,0
DA:95,0
DA:96,0
DA:99,0
DA:102,0
DA:104,0
DA:112,0
DA:113,0
DA:114,0
DA:116,0
DA:129,0
DA:130,0
DA:131,0
DA:133,0
DA:137,0
DA:138,0
DA:139,0
DA:143,0
DA:144,0
DA:147,0
DA:154,0
DA:155,0
DA:156,0
DA:157,0
DA:159,0
DA:160,0
DA:162,0
DA:175,0
DA:176,0
DA:177,0
DA:178,0
DA:180,0
DA:182,0
DA:184,0
DA:185,0
DA:186,0
DA:189,0
DA:190,0
DA:191,0
DA:194,0
DA:195,0
DA:198,0
DA:200,0
DA:202,0
DA:203,0
DA:207,0
DA:209,0
DA:217,0
DA:218,0
DA:221,0
LF:80
LH:0
BRDA:21,0,0,0
BRDA:22,1,0,0
BRDA:41,2,0,0
BRDA:41,3,0,0
BRDA:41,3,1,0
BRDA:47,4,0,0
BRDA:70,5,0,0
BRDA:91,6,0,0
BRDA:91,6,1,0
BRDA:95,7,0,0
BRDA:125,8,0,0
BRDA:126,9,0,0
BRDA:129,10,0,0
BRDA:137,11,0,0
BRDA:143,12,0,0
BRDA:171,13,0,0
BRDA:172,14,0,0
BRDA:173,15,0,0
BRDA:184,16,0,0
BRDA:189,17,0,0
BRDA:202,18,0,0
BRDA:202,18,1,0
BRF:22
BRH:0
end_of_record
TN:
SF:src/services/paymentService.ts
FN:24,(anonymous_1)
FN:36,(anonymous_2)
FNF:2
FNH:0
FNDA:0,(anonymous_1)
FNDA:0,(anonymous_2)
DA:1,0
DA:2,0
DA:6,0
DA:7,0
DA:20,0
DA:25,0
DA:26,0
DA:27,0
DA:29,0
DA:40,0
DA:41,0
DA:45,0
DA:47,0
LF:13
LH:0
BRDA:29,0,0,0
BRDA:29,0,1,0
BRDA:37,1,0,0
BRDA:47,2,0,0
BRDA:47,2,1,0
BRF:5
BRH:0
end_of_record
TN:
SF:src/services/referralService.ts
FN:27,(anonymous_1)
FN:39,(anonymous_2)
FN:51,(anonymous_3)
FNF:3
FNH:0
FNDA:0,(anonymous_1)
FNDA:0,(anonymous_2)
FNDA:0,(anonymous_3)
DA:1,0
DA:2,0
DA:6,0
DA:7,0
DA:23,0
DA:28,0
DA:29,0
DA:30,0
DA:32,0
DA:40,0
DA:41,0
DA:42,0
DA:44,0
DA:52,0
LF:14
LH:0
BRDA:32,0,0,0
BRDA:32,0,1,0
BRDA:44,1,0,0
BRDA:44,1,1,0
BRDA:51,2,0,0
BRF:5
BRH:0
end_of_record
TN:
SF:src/services/retentionTrackingService.ts
FN:12,(anonymous_1)
FN:26,(anonymous_2)
FN:48,(anonymous_3)
FN:61,(anonymous_4)
FN:89,(anonymous_5)
FN:102,(anonymous_6)
FN:121,(anonymous_7)
FN:136,(anonymous_8)
FN:167,(anonymous_9)
FN:177,(anonymous_10)
FN:188,(anonymous_11)
FN:201,(anonymous_12)
FN:212,(anonymous_13)
FN:225,(anonymous_14)
FNF:14
FNH:0
FNDA:0,(anonymous_1)
FNDA:0,(anonymous_2)
FNDA:0,(anonymous_3)
FNDA:0,(anonymous_4)
FNDA:0,(anonymous_5)
FNDA:0,(anonymous_6)
FNDA:0,(anonymous_7)
FNDA:0,(anonymous_8)
FNDA:0,(anonymous_9)
FNDA:0,(anonymous_10)
FNDA:0,(anonymous_11)
FNDA:0,(anonymous_12)
FNDA:0,(anonymous_13)
FNDA:0,(anonymous_14)
DA:1,0
DA:6,0
DA:7,0
DA:13,0
DA:33,0
DA:49,0
DA:68,0
DA:75,0
DA:90,0
DA:108,0
DA:126,0
DA:127,0
DA:128,0
DA:130,0
DA:142,0
DA:145,0
DA:146,0
DA:147,0
DA:150,0
DA:151,0
DA:153,0
DA:154,0
DA:157,0
DA:159,0
DA:160,0
DA:161,0
DA:168,0
DA:169,0
DA:170,0
DA:171,0
DA:178,0
DA:179,0
DA:180,0
DA:181,0
DA:182,0
DA:189,0
DA:190,0
DA:191,0
DA:192,0
DA:193,0
DA:194,0
DA:202,0
DA:204,0
DA:205,0
DA:206,0
DA:213,0
DA:214,0
DA:215,0
DA:216,0
DA:217,0
DA:218,0
DA:226,0
LF:52
LH:0
BRDA:52,0,0,0
BRDA:52,0,1,0
BRDA:80,1,0,0
BRDA:80,1,1,0
BRDA:93,2,0,0
BRDA:93,2,1,0
BRDA:94,3,0,0
BRDA:94,3,1,0
BRDA:145,4,0,0
BRDA:145,4,1,0
BRDA:146,5,0,0
BRDA:146,5,1,0
BRDA:147,6,0,0
BRDA:150,7,0,0
BRDA:150,7,1,0
BRDA:151,8,0,0
BRDA:153,9,0,0
BRDA:153,9,1,0
BRDA:154,10,0,0
BRDA:157,11,0,0
BRDA:159,12,0,0
BRDA:160,13,0,0
BRDA:168,14,0,0
BRDA:169,15,0,0
BRDA:170,16,0,0
BRDA:178,17,0,0
BRDA:179,18,0,0
BRDA:180,19,0,0
BRDA:181,20,0,0
BRDA:189,21,0,0
BRDA:189,21,1,0
BRDA:189,21,2,0
BRDA:189,21,3,0
BRDA:189,21,4,0
BRDA:204,22,0,0
BRDA:205,23,0,0
BRDA:213,24,0,0
BRDA:213,24,1,0
BRDA:213,24,2,0
BRDA:213,24,3,0
BRDA:213,24,4,0
BRF:41
BRH:0
end_of_record
TN:
SF:src/services/socialTaskService.ts
FN:40,(anonymous_1)
FN:68,(anonymous_2)
FN:86,(anonymous_3)
FN:104,(anonymous_4)
FN:171,(anonymous_5)
FN:198,(anonymous_6)
FN:217,(anonymous_7)
FNF:7
FNH:0
FNDA:0,(anonymous_1)
FNDA:0,(anonymous_2)
FNDA:0,(anonymous_3)
FNDA:0,(anonymous_4)
FNDA:0,(anonymous_5)
FNDA:0,(anonymous_6)
FNDA:0,(anonymous_7)
DA:36,0
DA:45,0
DA:46,0
DA:54,0
DA:55,0
DA:56,0
DA:59,0
DA:61,0
DA:69,0
DA:70,0
DA:72,0
DA:73,0
DA:74,0
DA:77,0
DA:79,0
DA:87,0
DA:89,0
DA:91,0
DA:93,0
DA:95,0
DA:97,0
DA:109,0
DA:111,0
DA:122,0
DA:133,0
DA:144,0
DA:155,0
DA:172,0
DA:174,0
DA:175,0
DA:176,0
DA:178,0
DA:180,0
DA:182,0
DA:184,0
DA:186,0
DA:188,0
DA:191,0
DA:202,0
DA:204,0
DA:206,0
DA:208,0
DA:210,0
DA:218,0
DA:221,0
DA:224,0
DA:226,0
LF:47
LH:0
BRDA:54,0,0,0
BRDA:56,1,0,0
BRDA:56,1,1,0
BRDA:61,2,0,0
BRDA:61,2,1,0
BRDA:68,3,0,0
BRDA:72,4,0,0
BRDA:74,5,0,0
BRDA:74,5,1,0
BRDA:79,6,0,0
BRDA:79,6,1,0
BRDA:87,7,0,0
BRDA:87,7,1,0
BRDA:87,7,2,0
BRDA:87,7,3,0
BRDA:87,7,4,0
BRDA:109,8,0,0
BRDA:109,8,1,0
BRDA:109,8,2,0
BRDA:109,8,3,0
BRDA:109,8,4,0
BRDA:172,9,0,0
BRDA:178,10,0,0
BRDA:178,10,1,0
BRDA:178,10,2,0
BRDA:178,10,3,0
BRDA:178,10,4,0
BRDA:184,11,0,0
BRDA:184,11,1,0
BRDA:202,12,0,0
BRDA:202,12,1,0
BRDA:202,12,2,0
BRDA:202,12,3,0
BRDA:218,13,0,0
BRDA:218,13,1,0
BRDA:218,13,2,0
BRDA:218,13,3,0
BRDA:218,13,4,0
BRF:38
BRH:0
end_of_record
TN:
SF:src/services/userService.ts
FN:13,(anonymous_1)
FN:24,(anonymous_2)
FNF:2
FNH:0
FNDA:0,(anonymous_1)
FNDA:0,(anonymous_2)
DA:1,0
DA:2,0
DA:6,0
DA:7,0
DA:9,0
DA:14,0
DA:15,0
DA:17,0
DA:25,0
DA:26,0
DA:27,0
DA:29,0
LF:12
LH:0
BRDA:17,0,0,0
BRDA:17,0,1,0
BRDA:29,1,0,0
BRDA:29,1,1,0
BRF:4
BRH:0
end_of_record
TN:
SF:src/services/videoMetadataService.ts
FN:12,(anonymous_1)
FN:29,(anonymous_2)
FN:47,(anonymous_3)
FN:63,(anonymous_4)
FN:86,(anonymous_5)
FN:98,(anonymous_6)
FN:117,(anonymous_7)
FN:145,(anonymous_8)
FN:161,(anonymous_9)
FN:170,(anonymous_10)
FN:183,(anonymous_11)
FN:206,(anonymous_12)
FN:219,(anonymous_13)
FN:231,(anonymous_14)
FN:237,(anonymous_15)
FN:240,(anonymous_16)
FN:249,(anonymous_17)
FN:260,(anonymous_18)
FN:282,(anonymous_19)
FN:297,(anonymous_20)
FNF:20
FNH:0
FNDA:0,(anonymous_1)
FNDA:0,(anonymous_2)
FNDA:0,(anonymous_3)
FNDA:0,(anonymous_4)
FNDA:0,(anonymous_5)
FNDA:0,(anonymous_6)
FNDA:0,(anonymous_7)
FNDA:0,(anonymous_8)
FNDA:0,(anonymous_9)
FNDA:0,(anonymous_10)
FNDA:0,(anonymous_11)
FNDA:0,(anonymous_12)
FNDA:0,(anonymous_13)
FNDA:0,(anonymous_14)
FNDA:0,(anonymous_15)
FNDA:0,(anonymous_16)
FNDA:0,(anonymous_17)
FNDA:0,(anonymous_18)
FNDA:0,(anonymous_19)
FNDA:0,(anonymous_20)
DA:1,0
DA:2,0
DA:5,0
DA:6,0
DA:7,0
DA:13,0
DA:14,0
DA:19,0
DA:21,0
DA:22,0
DA:33,0
DA:34,0
DA:39,0
DA:40,0
DA:48,0
DA:49,0
DA:50,0
DA:51,0
DA:53,0
DA:55,0
DA:56,0
DA:64,0
DA:65,0
DA:70,0
DA:72,0
DA:73,0
DA:74,0
DA:76,0
DA:78,0
DA:79,0
DA:87,0
DA:88,0
DA:90,0
DA:91,0
DA:101,0
DA:102,0
DA:107,0
DA:109,0
DA:110,0
DA:121,0
DA:122,0
DA:128,0
DA:129,0
DA:131,0
DA:132,0
DA:135,0
DA:137,0
DA:138,0
DA:146,0
DA:147,0
DA:148,0
DA:149,0
DA:151,0
DA:153,0
DA:154,0
DA:162,0
DA:163,0
DA:168,0
DA:170,0
DA:175,0
DA:176,0
DA:184,0
DA:185,0
DA:193,0
DA:194,0
DA:204,0
DA:206,0
DA:211,0
DA:212,0
DA:220,0
DA:221,0
DA:223,0
DA:224,0
DA:237,0
DA:238,0
DA:240,0
DA:241,0
DA:249,0
DA:250,0
DA:253,0
DA:265,0
DA:268,0
DA:274,0
DA:275,0
DA:283,0
DA:286,0
DA:287,0
DA:289,0
DA:290,0
DA:303,0
DA:306,0
DA:313,0
DA:314,0
LF:93
LH:0
BRDA:50,0,0,0
BRDA:72,1,0,0
BRDA:128,2,0,0
BRDA:128,3,0,0
BRDA:128,3,1,0
BRDA:131,4,0,0
BRDA:131,5,0,0
BRDA:131,5,1,0
BRDA:131,5,2,0
BRDA:148,6,0,0
BRDA:183,7,0,0
BRDA:193,8,0,0
BRDA:282,9,0,0
BRF:13
BRH:0
end_of_record
TN:
SF:src/services/videoService.ts
FN:36,(anonymous_1)
FN:61,(anonymous_2)
FN:79,(anonymous_3)
FN:87,(anonymous_4)
FN:88,(anonymous_5)
FN:134,(anonymous_6)
FN:164,(anonymous_7)
FN:182,(anonymous_8)
FN:207,(anonymous_9)
FN:233,(anonymous_10)
FN:255,(anonymous_11)
FN:276,(anonymous_12)
FN:304,(anonymous_13)
FN:338,(anonymous_14)
FNF:14
FNH:0
FNDA:0,(anonymous_1)
FNDA:0,(anonymous_2)
FNDA:0,(anonymous_3)
FNDA:0,(anonymous_4)
FNDA:0,(anonymous_5)
FNDA:0,(anonymous_6)
FNDA:0,(anonymous_7)
FNDA:0,(anonymous_8)
FNDA:0,(anonymous_9)
FNDA:0,(anonymous_10)
FNDA:0,(anonymous_11)
FNDA:0,(anonymous_12)
FNDA:0,(anonymous_13)
FNDA:0,(anonymous_14)
DA:32,0
DA:37,0
DA:38,0
DA:46,0
DA:48,0
DA:49,0
DA:52,0
DA:54,0
DA:62,0
DA:63,0
DA:64,0
DA:66,0
DA:67,0
DA:70,0
DA:72,0
DA:85,0
DA:87,0
DA:88,0
DA:89,0
DA:90,0
DA:91,0
DA:94,0
DA:97,0
DA:98,0
DA:99,0
DA:103,0
DA:104,0
DA:105,0
DA:109,0
DA:110,0
DA:111,0
DA:115,0
DA:116,0
DA:118,0
DA:122,0
DA:127,0
DA:139,0
DA:140,0
DA:144,0
DA:145,0
DA:148,0
DA:149,0
DA:151,0
DA:152,0
DA:155,0
DA:157,0
DA:165,0
DA:166,0
DA:170,0
DA:171,0
DA:172,0
DA:175,0
DA:186,0
DA:187,0
DA:195,0
DA:196,0
DA:197,0
DA:200,0
DA:208,0
DA:209,0
DA:213,0
DA:214,0
DA:215,0
DA:218,0
DA:219,0
DA:222,0
DA:223,0
DA:234,0
DA:235,0
DA:243,0
DA:244,0
DA:245,0
DA:248,0
DA:256,0
DA:257,0
DA:261,0
DA:262,0
DA:263,0
DA:266,0
DA:267,0
DA:269,0
DA:280,0
DA:281,0
DA:289,0
DA:290,0
DA:291,0
DA:294,0
DA:295,0
DA:297,0
DA:305,0
DA:332,0
DA:342,0
DA:344,0
DA:345,0
DA:348,0
DA:349,0
DA:350,0
DA:351,0
DA:354,0
DA:355,0
DA:357,0
DA:358,0
DA:359,0
DA:363,0
LF:104
LH:0
BRDA:48,0,0,0
BRDA:49,1,0,0
BRDA:49,1,1,0
BRDA:49,1,2,0
BRDA:54,2,0,0
BRDA:54,2,1,0
BRDA:66,3,0,0
BRDA:67,4,0,0
BRDA:67,4,1,0
BRDA:72,5,0,0
BRDA:72,5,1,0
BRDA:82,6,0,0
BRDA:83,7,0,0
BRDA:97,8,0,0
BRDA:103,9,0,0
BRDA:104,10,0,0
BRDA:104,10,1,0
BRDA:109,11,0,0
BRDA:115,12,0,0
BRDA:115,12,1,0
BRDA:115,13,0,0
BRDA:115,13,1,0
BRDA:134,14,0,0
BRDA:144,15,0,0
BRDA:151,16,0,0
BRDA:152,17,0,0
BRDA:152,17,1,0
BRDA:157,18,0,0
BRDA:157,18,1,0
BRDA:170,19,0,0
BRDA:172,20,0,0
BRDA:172,20,1,0
BRDA:175,21,0,0
BRDA:175,21,1,0
BRDA:195,22,0,0
BRDA:197,23,0,0
BRDA:197,23,1,0
BRDA:200,24,0,0
BRDA:200,24,1,0
BRDA:213,25,0,0
BRDA:215,26,0,0
BRDA:215,26,1,0
BRDA:243,27,0,0
BRDA:245,28,0,0
BRDA:245,28,1,0
BRDA:248,29,0,0
BRDA:248,29,1,0
BRDA:261,30,0,0
BRDA:263,31,0,0
BRDA:263,31,1,0
BRDA:269,32,0,0
BRDA:269,32,1,0
BRDA:289,33,0,0
BRDA:291,34,0,0
BRDA:291,34,1,0
BRDA:297,35,0,0
BRDA:297,35,1,0
BRDA:344,36,0,0
BRDA:348,37,0,0
BRDA:348,37,1,0
BRDA:350,38,0,0
BRDA:354,39,0,0
BRDA:354,39,1,0
BRDA:358,40,0,0
BRF:64
BRH:0
end_of_record
TN:
SF:src/services/videoStorageService.ts
FN:28,(anonymous_1)
FN:47,(anonymous_2)
FN:49,(anonymous_3)
FN:86,(anonymous_4)
FN:118,(anonymous_5)
FN:152,(anonymous_6)
FN:165,(anonymous_7)
FN:178,(anonymous_8)
FN:191,(anonymous_9)
FN:204,(anonymous_10)
FN:208,(anonymous_11)
FN:218,(anonymous_12)
FN:223,(anonymous_13)
FN:225,(anonymous_14)
FN:234,(anonymous_15)
FN:246,(anonymous_16)
FN:247,(anonymous_17)
FN:250,(anonymous_18)
FN:254,(anonymous_19)
FN:265,(anonymous_20)
FN:289,(anonymous_21)
FN:313,(anonymous_22)
FN:327,(anonymous_23)
FNF:23
FNH:0
FNDA:0,(anonymous_1)
FNDA:0,(anonymous_2)
FNDA:0,(anonymous_3)
FNDA:0,(anonymous_4)
FNDA:0,(anonymous_5)
FNDA:0,(anonymous_6)
FNDA:0,(anonymous_7)
FNDA:0,(anonymous_8)
FNDA:0,(anonymous_9)
FNDA:0,(anonymous_10)
FNDA:0,(anonymous_11)
FNDA:0,(anonymous_12)
FNDA:0,(anonymous_13)
FNDA:0,(anonymous_14)
FNDA:0,(anonymous_15)
FNDA:0,(anonymous_16)
FNDA:0,(anonymous_17)
FNDA:0,(anonymous_18)
FNDA:0,(anonymous_19)
FNDA:0,(anonymous_20)
FNDA:0,(anonymous_21)
FNDA:0,(anonymous_22)
FNDA:0,(anonymous_23)
DA:1,0
DA:2,0
DA:20,0
DA:21,0
DA:22,0
DA:23,0
DA:34,0
DA:35,0
DA:36,0
DA:37,0
DA:40,0
DA:43,0
DA:47,0
DA:48,0
DA:49,0
DA:50,0
DA:51,0
DA:56,0
DA:57,0
DA:61,0
DA:64,0
DA:65,0
DA:66,0
DA:68,0
DA:78,0
DA:79,0
DA:91,0
DA:92,0
DA:93,0
DA:94,0
DA:96,0
DA:97,0
DA:98,0
DA:100,0
DA:110,0
DA:111,0
DA:124,0
DA:125,0
DA:126,0
DA:127,0
DA:128,0
DA:130,0
DA:131,0
DA:132,0
DA:134,0
DA:144,0
DA:145,0
DA:153,0
DA:154,0
DA:155,0
DA:157,0
DA:158,0
DA:166,0
DA:167,0
DA:168,0
DA:170,0
DA:171,0
DA:179,0
DA:180,0
DA:181,0
DA:183,0
DA:184,0
DA:192,0
DA:193,0
DA:194,0
DA:196,0
DA:197,0
DA:208,0
DA:209,0
DA:210,0
DA:211,0
DA:213,0
DA:214,0
DA:215,0
DA:218,0
DA:219,0
DA:220,0
DA:223,0
DA:224,0
DA:225,0
DA:226,0
DA:227,0
DA:229,0
DA:234,0
DA:235,0
DA:238,0
DA:239,0
DA:247,0
DA:248,0
DA:250,0
DA:251,0
DA:254,0
DA:255,0
DA:258,0
DA:266,0
DA:267,0
DA:269,0
DA:270,0
DA:276,0
DA:277,0
DA:283,0
DA:290,0
DA:291,0
DA:293,0
DA:294,0
DA:300,0
DA:301,0
DA:307,0
DA:316,0
DA:334,0
LF:110
LH:0
BRDA:43,0,0,0
BRDA:56,1,0,0
BRDA:73,2,0,0
BRDA:73,2,1,0
BRDA:105,3,0,0
BRDA:105,3,1,0
BRDA:122,4,0,0
BRDA:125,5,0,0
BRDA:125,5,1,0
BRDA:139,6,0,0
BRDA:139,6,1,0
BRDA:206,7,0,0
BRDA:213,8,0,0
BRDA:226,9,0,0
BRDA:226,9,1,0
BRDA:269,10,0,0
BRDA:276,11,0,0
BRDA:293,12,0,0
BRDA:300,13,0,0
BRDA:313,14,0,0
BRF:20
BRH:0
end_of_record
